<!DOCTYPE html>
<html>
<head>
    <title>Test report</title>
    <meta name="generator" content="HTMLTestRunner 1.0.17"/>
    <meta http-equiv="Content-Type" content="text/html; charset=UTF-8"/>
    <link rel="stylesheet" href="stylesheet.css">
    <script src="script.js"></script>
    <style>
        
    </style>
    <script>
        
    </script>
</head>
<body>
<div class='heading'>
    <h1 style="margin-left:1ex;">Test report</h1>
    
    <p class='attribute'><strong>Start Time : </strong> 2022-03-03 00:17:12</p>
    
    <p class='attribute'><strong>Duration : </strong> 0:09:05.995592</p>
    
    <p class='attribute'><strong>Status : </strong> Pass 15 Failure 1 Error 9</p>
    
    <p class='attribute'><strong>Descrition : </strong> HTMLTestReport</p>
    
    <p class='attribute'><strong>Tested By : </strong> Unknown</p>
    
</div>
<div>
    <p id='show_detail_line'><b>Show</b>
        <button><a href='javascript:showCase(0)' style="color:#660066;">Summary</a></button>
        <button><a href='javascript:showCase(1)' style="color:#660066;">Failed</a></button>
        <button><a href='javascript:showCase(2)' style="color:#660066;">Passed</a></button>
        <button><a href='javascript:showCase(3)' style="color:#660066;">All</a></button>
    </p>
    <table id='result_table'>
        <colgroup>
            <col align='left'/>
            <col align='right'/>
            <col align='right'/>
            <col align='right'/>
            <col align='right'/>
            <col align='right'/>
        </colgroup>
        <tr id='header_row'>
            <td>Test Group/Test case</td>
            <td>Count</td>
            <td>Pass</td>
            <td>Fail</td>
            <td>Error</td>
            <td>View</td>
        </tr>
        
        <tr class='passClass' style="font-weight:bold;color:white;">
            <td><a href="javascript:showClassDetail('c1','1')">CovidInfo_D.TestCovidInfo_D</a></td>
            <td>1</td>
            <td>1</td>
            <td>0</td>
            <td>0</td>
            <td>
                <button><a href="javascript:showClassDetail('c1','1')"
                           style="color:#660066;">Detail</a></button>
            </td>
        </tr>
            
            <tr id="pt1.1" class='hiddenRow'>
                <td class='passCase'>
                    <div class='testcase'>
                        <a class="popup_link" onfocus='this.blur();'
                           href="javascript:showTestDetail('div_pt1.1')">test_covidInfo_D</a>
                    </div>
                </td>
                <td colspan='5' align='center'>
                    <div>
                        <!--css div popup start-->
                        <button>
                            <a class="popup_link" onfocus='this.blur();'
                               href="javascript:showTestDetail('div_pt1.1')" style="color:#660066;">
                                PASS
                            </a></button>
                        <div id='div_pt1.1' class="popup_window">
                            <div style='text-align: right; color:red;cursor:pointer'>
                                <a onfocus='this.blur();'
                                   onclick="document.getElementById('div_pt1.1').style.display = 'none'; "
                                   style="color:red;">
                                    [x]</a>
                            </div>
                            <pre>2022-03-03 00:17:12.245090 : 
                             
                             
2022-03-03 00:17:12.245090 : ====== WebDriver manager ======
                             
2022-03-03 00:17:12.264084 : Current google-chrome version is 98.0.4758
                             
2022-03-03 00:17:12.264084 : Get LATEST chromedriver version for 98.0.4758 google-chrome
                             
2022-03-03 00:17:12.329121 : Driver [C:\Users\KDK\.wdm\drivers\chromedriver\win32\98.0.4758.102\chromedriver.exe] found in cache
                             
2022-03-03 00:17:21.951218 : nenasle se exponea banner
2022-03-03 00:17:22.009199 : gridy jdou videt
2022-03-03 00:17:23.742644 : gridy jdou videt
2022-03-03 00:17:23.788629 : gridy jdou videt
2022-03-03 00:17:23.800625 : gridy jdou videt
2022-03-03 00:17:23.807623 : gridy jdou videt
2022-03-03 00:17:23.815620 : gridy jdou videt
2022-03-03 00:17:23.822617 : gridy jdou videt
2022-03-03 00:17:23.830614 : gridy jdou videt
2022-03-03 00:17:23.838613 : gridy jdou videt
2022-03-03 00:17:23.846610 : gridy jdou videt
2022-03-03 00:17:23.853607 : gridy jdou videt
2022-03-03 00:17:23.860605 : gridy jdou videt
2022-03-03 00:17:23.868603 : gridy jdou videt
2022-03-03 00:17:23.875601 : gridy jdou videt
2022-03-03 00:17:23.882599 : gridy jdou videt
2022-03-03 00:17:23.889596 : gridy jdou videt
2022-03-03 00:17:23.897594 : gridy jdou videt
2022-03-03 00:17:23.904591 : gridy jdou videt
2022-03-03 00:17:23.912588 : gridy jdou videt
2022-03-03 00:17:23.920586 : gridy jdou videt
2022-03-03 00:17:23.927584 : gridy jdou videt
2022-03-03 00:17:23.935582 : gridy jdou videt
2022-03-03 00:17:23.943579 : gridy jdou videt
2022-03-03 00:17:23.950576 : gridy jdou videt
2022-03-03 00:17:23.998561 : content jdou videt
2022-03-03 00:17:24.006558 : content jdou videt
2022-03-03 00:17:24.013556 : content jdou videt
2022-03-03 00:17:24.020554 : content jdou videt
2022-03-03 00:17:24.029551 : content jdou videt
2022-03-03 00:17:24.037549 : content jdou videt
2022-03-03 00:17:24.045546 : content jdou videt
2022-03-03 00:17:24.053544 : content jdou videt
2022-03-03 00:17:24.060542 : content jdou videt
2022-03-03 00:17:24.068539 : content jdou videt
2022-03-03 00:17:24.075536 : content jdou videt
2022-03-03 00:17:24.083534 : content jdou videt
2022-03-03 00:17:24.090532 : content jdou videt
2022-03-03 00:17:24.097529 : content jdou videt
2022-03-03 00:17:24.106527 : content jdou videt
2022-03-03 00:17:24.114524 : content jdou videt
2022-03-03 00:17:24.121521 : content jdou videt
2022-03-03 00:17:24.130520 : content jdou videt
2022-03-03 00:17:24.138518 : content jdou videt
2022-03-03 00:17:24.146513 : content jdou videt
2022-03-03 00:17:24.154512 : content jdou videt
2022-03-03 00:17:24.161509 : content jdou videt
2022-03-03 00:17:24.169506 : content jdou videt
2022-03-03 00:17:24.176504 : content jdou videt
</pre>
                            <pre style="color: red;"></pre>
                        </div>
                        <!--css div popup end-->
                    </div>
                </td>
            </tr>
            
        
        <tr class='errorClass' style="font-weight:bold;color:white;">
            <td><a href="javascript:showClassDetail('c2','1')">Detail_D.TestDetailHotelu_D</a></td>
            <td>1</td>
            <td>0</td>
            <td>0</td>
            <td>1</td>
            <td>
                <button><a href="javascript:showClassDetail('c2','1')"
                           style="color:#660066;">Detail</a></button>
            </td>
        </tr>
            
            <tr id="ft2.1" class='none'>
                <td class='errorCase'>
                    <div class='testcase'>
                        <a class="popup_link" onfocus='this.blur();'
                           href="javascript:showTestDetail('div_ft2.1')">test_detail_D</a>
                    </div>
                </td>
                <td colspan='5' align='center'>
                    <div>
                        <!--css div popup start-->
                        <button>
                            <a class="popup_link" onfocus='this.blur();'
                               href="javascript:showTestDetail('div_ft2.1')" style="color:#660066;">
                                ERROR
                            </a></button>
                        <div id='div_ft2.1' class="popup_window">
                            <div style='text-align: right; color:red;cursor:pointer'>
                                <a onfocus='this.blur();'
                                   onclick="document.getElementById('div_ft2.1').style.display = 'none'; "
                                   style="color:red;">
                                    [x]</a>
                            </div>
                            <pre>2022-03-03 00:17:26.338136 : 
                             
                             
2022-03-03 00:17:26.338136 : ====== WebDriver manager ======
                             
2022-03-03 00:17:26.385119 : Current google-chrome version is 98.0.4758
                             
2022-03-03 00:17:26.386119 : Get LATEST chromedriver version for 98.0.4758 google-chrome
                             
2022-03-03 00:17:26.473179 : Driver [C:\Users\KDK\.wdm\drivers\chromedriver\win32\98.0.4758.102\chromedriver.exe] found in cache
                             
</pre>
                            <pre style="color: red;">Traceback (most recent call last):
  File "C:\Users\KDK\Desktop\FW_Automation_Local_Deploy_PyCharm\Detail_D.py", line 40, in test_detail_D
    assert detailFotka.is_displayed() == True
UnboundLocalError: local variable 'detailFotka' referenced before assignment
</pre>
                        </div>
                        <!--css div popup end-->
                    </div>
                </td>
            </tr>
            
        
        <tr class='errorClass' style="font-weight:bold;color:white;">
            <td><a href="javascript:showClassDetail('c3','3')">Detail_C.TestDetailHotelu_C</a></td>
            <td>3</td>
            <td>1</td>
            <td>0</td>
            <td>2</td>
            <td>
                <button><a href="javascript:showClassDetail('c3','3')"
                           style="color:#660066;">Detail</a></button>
            </td>
        </tr>
            
            <tr id="ft3.1" class='none'>
                <td class='errorCase'>
                    <div class='testcase'>
                        <a class="popup_link" onfocus='this.blur();'
                           href="javascript:showTestDetail('div_ft3.1')">test_detail_fotka</a>
                    </div>
                </td>
                <td colspan='5' align='center'>
                    <div>
                        <!--css div popup start-->
                        <button>
                            <a class="popup_link" onfocus='this.blur();'
                               href="javascript:showTestDetail('div_ft3.1')" style="color:#660066;">
                                ERROR
                            </a></button>
                        <div id='div_ft3.1' class="popup_window">
                            <div style='text-align: right; color:red;cursor:pointer'>
                                <a onfocus='this.blur();'
                                   onclick="document.getElementById('div_ft3.1').style.display = 'none'; "
                                   style="color:red;">
                                    [x]</a>
                            </div>
                            <pre>2022-03-03 00:17:41.887176 : 
                             
                             
2022-03-03 00:17:41.887176 : ====== WebDriver manager ======
                             
2022-03-03 00:17:41.907170 : Current google-chrome version is 98.0.4758
                             
2022-03-03 00:17:41.907170 : Get LATEST chromedriver version for 98.0.4758 google-chrome
                             
2022-03-03 00:17:41.965169 : Driver [C:\Users\KDK\.wdm\drivers\chromedriver\win32\98.0.4758.102\chromedriver.exe] found in cache
                             
2022-03-03 00:17:51.289282 : nenasle se exponea banner
</pre>
                            <pre style="color: red;">Traceback (most recent call last):
  File "C:\Users\KDK\Desktop\FW_Automation_Local_Deploy_PyCharm\Detail_C.py", line 36, in test_detail_fotka
    imageDetail = self.driver.find_element_by_xpath("//*[@id='gallery01Trigger']//img")
  File "C:\Users\KDK\anaconda3\lib\site-packages\selenium\webdriver\remote\webdriver.py", line 394, in find_element_by_xpath
    return self.find_element(by=By.XPATH, value=xpath)
  File "C:\Users\KDK\anaconda3\lib\site-packages\selenium\webdriver\remote\webdriver.py", line 976, in find_element
    return self.execute(Command.FIND_ELEMENT, {
  File "C:\Users\KDK\anaconda3\lib\site-packages\selenium\webdriver\remote\webdriver.py", line 321, in execute
    self.error_handler.check_response(response)
  File "C:\Users\KDK\anaconda3\lib\site-packages\selenium\webdriver\remote\errorhandler.py", line 242, in check_response
    raise exception_class(message, screen, stacktrace)
selenium.common.exceptions.NoSuchElementException: Message: no such element: Unable to locate element: {"method":"xpath","selector":"//*[@id='gallery01Trigger']//img"}
  (Session info: chrome=98.0.4758.102)

</pre>
                        </div>
                        <!--css div popup end-->
                    </div>
                </td>
            </tr>
            
            <tr id="ft3.2" class='none'>
                <td class='errorCase'>
                    <div class='testcase'>
                        <a class="popup_link" onfocus='this.blur();'
                           href="javascript:showTestDetail('div_ft3.2')">test_detail_terminy_filtr_meal</a>
                    </div>
                </td>
                <td colspan='5' align='center'>
                    <div>
                        <!--css div popup start-->
                        <button>
                            <a class="popup_link" onfocus='this.blur();'
                               href="javascript:showTestDetail('div_ft3.2')" style="color:#660066;">
                                ERROR
                            </a></button>
                        <div id='div_ft3.2' class="popup_window">
                            <div style='text-align: right; color:red;cursor:pointer'>
                                <a onfocus='this.blur();'
                                   onclick="document.getElementById('div_ft3.2').style.display = 'none'; "
                                   style="color:red;">
                                    [x]</a>
                            </div>
                            <pre>2022-03-03 00:17:53.553788 : 
                             
                             
2022-03-03 00:17:53.553788 : ====== WebDriver manager ======
                             
2022-03-03 00:17:53.573782 : Current google-chrome version is 98.0.4758
                             
2022-03-03 00:17:53.573782 : Get LATEST chromedriver version for 98.0.4758 google-chrome
                             
2022-03-03 00:17:53.632763 : Driver [C:\Users\KDK\.wdm\drivers\chromedriver\win32\98.0.4758.102\chromedriver.exe] found in cache
                             
2022-03-03 00:18:01.446558 : nenasle se exponea banner
</pre>
                            <pre style="color: red;">Traceback (most recent call last):
  File "C:\Users\KDK\Desktop\FW_Automation_Local_Deploy_PyCharm\Detail_C.py", line 138, in test_detail_terminy_filtr_meal
    zvolenaStravaVboxu = self.driver.find_element_by_xpath("//*[@class='js-subvalue f_text--highlighted']")
  File "C:\Users\KDK\anaconda3\lib\site-packages\selenium\webdriver\remote\webdriver.py", line 394, in find_element_by_xpath
    return self.find_element(by=By.XPATH, value=xpath)
  File "C:\Users\KDK\anaconda3\lib\site-packages\selenium\webdriver\remote\webdriver.py", line 976, in find_element
    return self.execute(Command.FIND_ELEMENT, {
  File "C:\Users\KDK\anaconda3\lib\site-packages\selenium\webdriver\remote\webdriver.py", line 321, in execute
    self.error_handler.check_response(response)
  File "C:\Users\KDK\anaconda3\lib\site-packages\selenium\webdriver\remote\errorhandler.py", line 242, in check_response
    raise exception_class(message, screen, stacktrace)
selenium.common.exceptions.NoSuchElementException: Message: no such element: Unable to locate element: {"method":"xpath","selector":"//*[@class='js-subvalue f_text--highlighted']"}
  (Session info: chrome=98.0.4758.102)

</pre>
                        </div>
                        <!--css div popup end-->
                    </div>
                </td>
            </tr>
            
            <tr id="pt3.3" class='hiddenRow'>
                <td class='passCase'>
                    <div class='testcase'>
                        <a class="popup_link" onfocus='this.blur();'
                           href="javascript:showTestDetail('div_pt3.3')">test_detail_terminy_filtr_airport</a>
                    </div>
                </td>
                <td colspan='5' align='center'>
                    <div>
                        <!--css div popup start-->
                        <button>
                            <a class="popup_link" onfocus='this.blur();'
                               href="javascript:showTestDetail('div_pt3.3')" style="color:#660066;">
                                PASS
                            </a></button>
                        <div id='div_pt3.3' class="popup_window">
                            <div style='text-align: right; color:red;cursor:pointer'>
                                <a onfocus='this.blur();'
                                   onclick="document.getElementById('div_pt3.3').style.display = 'none'; "
                                   style="color:red;">
                                    [x]</a>
                            </div>
                            <pre>2022-03-03 00:18:06.376781 : 
                             
                             
2022-03-03 00:18:06.377781 : ====== WebDriver manager ======
                             
2022-03-03 00:18:06.423733 : Current google-chrome version is 98.0.4758
                             
2022-03-03 00:18:06.424735 : Get LATEST chromedriver version for 98.0.4758 google-chrome
                             
2022-03-03 00:18:06.493099 : Driver [C:\Users\KDK\.wdm\drivers\chromedriver\win32\98.0.4758.102\chromedriver.exe] found in cache
                             
2022-03-03 00:18:14.944552 : nenasle se exponea banner
</pre>
                            <pre style="color: red;"></pre>
                        </div>
                        <!--css div popup end-->
                    </div>
                </td>
            </tr>
            
        
        <tr class='errorClass' style="font-weight:bold;color:white;">
            <td><a href="javascript:showClassDetail('c4','1')">DetskeKluby_D.TestDetskeKluby_D</a></td>
            <td>1</td>
            <td>0</td>
            <td>0</td>
            <td>1</td>
            <td>
                <button><a href="javascript:showClassDetail('c4','1')"
                           style="color:#660066;">Detail</a></button>
            </td>
        </tr>
            
            <tr id="ft4.1" class='none'>
                <td class='errorCase'>
                    <div class='testcase'>
                        <a class="popup_link" onfocus='this.blur();'
                           href="javascript:showTestDetail('div_ft4.1')">test_kluby_D</a>
                    </div>
                </td>
                <td colspan='5' align='center'>
                    <div>
                        <!--css div popup start-->
                        <button>
                            <a class="popup_link" onfocus='this.blur();'
                               href="javascript:showTestDetail('div_ft4.1')" style="color:#660066;">
                                ERROR
                            </a></button>
                        <div id='div_ft4.1' class="popup_window">
                            <div style='text-align: right; color:red;cursor:pointer'>
                                <a onfocus='this.blur();'
                                   onclick="document.getElementById('div_ft4.1').style.display = 'none'; "
                                   style="color:red;">
                                    [x]</a>
                            </div>
                            <pre>2022-03-03 00:18:23.167857 : 
                             
                             
2022-03-03 00:18:23.167857 : ====== WebDriver manager ======
                             
2022-03-03 00:18:23.219808 : Current google-chrome version is 98.0.4758
                             
2022-03-03 00:18:23.219808 : Get LATEST chromedriver version for 98.0.4758 google-chrome
                             
2022-03-03 00:18:23.281788 : Driver [C:\Users\KDK\.wdm\drivers\chromedriver\win32\98.0.4758.102\chromedriver.exe] found in cache
                             
2022-03-03 00:18:32.253009 : benefit item
2022-03-03 00:18:32.261007 : benefit item
2022-03-03 00:18:32.268005 : benefit item
2022-03-03 00:18:32.275002 : benefit item
2022-03-03 00:18:32.299994 : benefit item
2022-03-03 00:18:32.306992 : benefit item
2022-03-03 00:18:32.314990 : benefit item
2022-03-03 00:18:32.449946 : grind container
2022-03-03 00:18:32.457944 : grind container
2022-03-03 00:18:32.465942 : grind container
2022-03-03 00:18:32.473939 : grind container
2022-03-03 00:18:32.481937 : grind container
2022-03-03 00:18:32.489934 : grind container
2022-03-03 00:18:32.496931 : grind container
2022-03-03 00:18:32.504929 : grind container
2022-03-03 00:18:32.514926 : grind container
2022-03-03 00:18:32.521923 : grind container
2022-03-03 00:18:32.530921 : grind container
2022-03-03 00:18:32.537918 : grind container
2022-03-03 00:18:32.545916 : grind container
2022-03-03 00:18:32.553913 : grind container
2022-03-03 00:18:32.561911 : grind container
</pre>
                            <pre style="color: red;">Traceback (most recent call last):
  File "C:\Users\KDK\Desktop\FW_Automation_Local_Deploy_PyCharm\DetskeKluby_D.py", line 40, in test_kluby_D
    assert tileImg[0].is_displayed() == True
IndexError: list index out of range
</pre>
                        </div>
                        <!--css div popup end-->
                    </div>
                </td>
            </tr>
            
        
        <tr class='errorClass' style="font-weight:bold;color:white;">
            <td><a href="javascript:showClassDetail('c5','1')">dovolena_D.TestDovolena_D</a></td>
            <td>1</td>
            <td>0</td>
            <td>0</td>
            <td>1</td>
            <td>
                <button><a href="javascript:showClassDetail('c5','1')"
                           style="color:#660066;">Detail</a></button>
            </td>
        </tr>
            
            <tr id="ft5.1" class='none'>
                <td class='errorCase'>
                    <div class='testcase'>
                        <a class="popup_link" onfocus='this.blur();'
                           href="javascript:showTestDetail('div_ft5.1')">test_dovolena_D</a>
                    </div>
                </td>
                <td colspan='5' align='center'>
                    <div>
                        <!--css div popup start-->
                        <button>
                            <a class="popup_link" onfocus='this.blur();'
                               href="javascript:showTestDetail('div_ft5.1')" style="color:#660066;">
                                ERROR
                            </a></button>
                        <div id='div_ft5.1' class="popup_window">
                            <div style='text-align: right; color:red;cursor:pointer'>
                                <a onfocus='this.blur();'
                                   onclick="document.getElementById('div_ft5.1').style.display = 'none'; "
                                   style="color:red;">
                                    [x]</a>
                            </div>
                            <pre>2022-03-03 00:18:36.489869 : 
                             
                             
2022-03-03 00:18:36.489869 : ====== WebDriver manager ======
                             
2022-03-03 00:18:36.528855 : Current google-chrome version is 98.0.4758
                             
2022-03-03 00:18:36.528855 : Get LATEST chromedriver version for 98.0.4758 google-chrome
                             
2022-03-03 00:18:36.587335 : Driver [C:\Users\KDK\.wdm\drivers\chromedriver\win32\98.0.4758.102\chromedriver.exe] found in cache
                             
</pre>
                            <pre style="color: red;">Traceback (most recent call last):
  File "C:\Users\KDK\Desktop\FW_Automation_Local_Deploy_PyCharm\dovolena_D.py", line 27, in test_dovolena_D
    dovolena_menu_item_anchor = self.driver.find_element_by_xpath('//a[@href="/Dovolena"]')
  File "C:\Users\KDK\anaconda3\lib\site-packages\selenium\webdriver\remote\webdriver.py", line 394, in find_element_by_xpath
    return self.find_element(by=By.XPATH, value=xpath)
  File "C:\Users\KDK\anaconda3\lib\site-packages\selenium\webdriver\remote\webdriver.py", line 976, in find_element
    return self.execute(Command.FIND_ELEMENT, {
  File "C:\Users\KDK\anaconda3\lib\site-packages\selenium\webdriver\remote\webdriver.py", line 321, in execute
    self.error_handler.check_response(response)
  File "C:\Users\KDK\anaconda3\lib\site-packages\selenium\webdriver\remote\errorhandler.py", line 242, in check_response
    raise exception_class(message, screen, stacktrace)
selenium.common.exceptions.NoSuchElementException: Message: no such element: Unable to locate element: {"method":"xpath","selector":"//a[@href="/Dovolena"]"}
  (Session info: chrome=98.0.4758.102)

</pre>
                        </div>
                        <!--css div popup end-->
                    </div>
                </td>
            </tr>
            
        
        <tr class='passClass' style="font-weight:bold;color:white;">
            <td><a href="javascript:showClassDetail('c6','1')">FM_D.TestFMexotika_D</a></td>
            <td>1</td>
            <td>1</td>
            <td>0</td>
            <td>0</td>
            <td>
                <button><a href="javascript:showClassDetail('c6','1')"
                           style="color:#660066;">Detail</a></button>
            </td>
        </tr>
            
            <tr id="pt6.1" class='hiddenRow'>
                <td class='passCase'>
                    <div class='testcase'>
                        <a class="popup_link" onfocus='this.blur();'
                           href="javascript:showTestDetail('div_pt6.1')">test_FM_exotika_D</a>
                    </div>
                </td>
                <td colspan='5' align='center'>
                    <div>
                        <!--css div popup start-->
                        <button>
                            <a class="popup_link" onfocus='this.blur();'
                               href="javascript:showTestDetail('div_pt6.1')" style="color:#660066;">
                                PASS
                            </a></button>
                        <div id='div_pt6.1' class="popup_window">
                            <div style='text-align: right; color:red;cursor:pointer'>
                                <a onfocus='this.blur();'
                                   onclick="document.getElementById('div_pt6.1').style.display = 'none'; "
                                   style="color:red;">
                                    [x]</a>
                            </div>
                            <pre>2022-03-03 00:18:46.280604 : 
                             
                             
2022-03-03 00:18:46.280604 : ====== WebDriver manager ======
                             
2022-03-03 00:18:46.301596 : Current google-chrome version is 98.0.4758
                             
2022-03-03 00:18:46.301596 : Get LATEST chromedriver version for 98.0.4758 google-chrome
                             
2022-03-03 00:18:46.371574 : Driver [C:\Users\KDK\.wdm\drivers\chromedriver\win32\98.0.4758.102\chromedriver.exe] found in cache
                             
</pre>
                            <pre style="color: red;"></pre>
                        </div>
                        <!--css div popup end-->
                    </div>
                </td>
            </tr>
            
        
        <tr class='errorClass' style="font-weight:bold;color:white;">
            <td><a href="javascript:showClassDetail('c7','2')">fulltext_C.Test_Fulltext_C</a></td>
            <td>2</td>
            <td>0</td>
            <td>0</td>
            <td>2</td>
            <td>
                <button><a href="javascript:showClassDetail('c7','2')"
                           style="color:#660066;">Detail</a></button>
            </td>
        </tr>
            
            <tr id="ft7.1" class='none'>
                <td class='errorCase'>
                    <div class='testcase'>
                        <a class="popup_link" onfocus='this.blur();'
                           href="javascript:showTestDetail('div_ft7.1')">test_fulltext_naseptavac</a>
                    </div>
                </td>
                <td colspan='5' align='center'>
                    <div>
                        <!--css div popup start-->
                        <button>
                            <a class="popup_link" onfocus='this.blur();'
                               href="javascript:showTestDetail('div_ft7.1')" style="color:#660066;">
                                ERROR
                            </a></button>
                        <div id='div_ft7.1' class="popup_window">
                            <div style='text-align: right; color:red;cursor:pointer'>
                                <a onfocus='this.blur();'
                                   onclick="document.getElementById('div_ft7.1').style.display = 'none'; "
                                   style="color:red;">
                                    [x]</a>
                            </div>
                            <pre>2022-03-03 00:19:01.810733 : 
                             
                             
2022-03-03 00:19:01.810733 : ====== WebDriver manager ======
                             
2022-03-03 00:19:01.830725 : Current google-chrome version is 98.0.4758
                             
2022-03-03 00:19:01.831739 : Get LATEST chromedriver version for 98.0.4758 google-chrome
                             
2022-03-03 00:19:01.895039 : Driver [C:\Users\KDK\.wdm\drivers\chromedriver\win32\98.0.4758.102\chromedriver.exe] found in cache
                             
2022-03-03 00:19:13.203208 : ZANZIBAR
2022-03-03 00:19:21.020909 : ØECKO
2022-03-03 00:19:26.590866 : TURECKO
2022-03-03 00:19:32.091930 : EGYPT
2022-03-03 00:19:38.515665 : KAPVERDY
2022-03-03 00:19:46.231991 : OMAN
2022-03-03 00:19:51.508472 : MALEDIVY
2022-03-03 00:19:57.495451 : DUBAJ
2022-03-03 00:20:03.818760 : MALLORCA
2022-03-03 00:20:09.430826 : BULHARSKO
2022-03-03 00:20:15.505815 : CHORVATSKO
2022-03-03 00:20:21.305760 : KEFALONIA
2022-03-03 00:20:27.874098 : ATTIKA
2022-03-03 00:20:32.968224 : POJIŠTÌNÍ
2022-03-03 00:20:38.193920 : PARKOVÁNÍ
</pre>
                            <pre style="color: red;">Traceback (most recent call last):
  File "C:\Users\KDK\Desktop\FW_Automation_Local_Deploy_PyCharm\fulltext_C.py", line 51, in test_fulltext_naseptavac
    wait.until(EC.visibility_of(self.driver.find_element_by_xpath("//*[@class='f_tileGrid-item']")))
  File "C:\Users\KDK\anaconda3\lib\site-packages\selenium\webdriver\remote\webdriver.py", line 394, in find_element_by_xpath
    return self.find_element(by=By.XPATH, value=xpath)
  File "C:\Users\KDK\anaconda3\lib\site-packages\selenium\webdriver\remote\webdriver.py", line 976, in find_element
    return self.execute(Command.FIND_ELEMENT, {
  File "C:\Users\KDK\anaconda3\lib\site-packages\selenium\webdriver\remote\webdriver.py", line 321, in execute
    self.error_handler.check_response(response)
  File "C:\Users\KDK\anaconda3\lib\site-packages\selenium\webdriver\remote\errorhandler.py", line 242, in check_response
    raise exception_class(message, screen, stacktrace)
selenium.common.exceptions.NoSuchElementException: Message: no such element: Unable to locate element: {"method":"xpath","selector":"//*[@class='f_tileGrid-item']"}
  (Session info: chrome=98.0.4758.102)


During handling of the above exception, another exception occurred:

Traceback (most recent call last):
  File "C:\Users\KDK\Desktop\FW_Automation_Local_Deploy_PyCharm\fulltext_C.py", line 65, in test_fulltext_naseptavac
    wait.until(EC.visibility_of(prvniItem[0])).click()
IndexError: list index out of range
</pre>
                        </div>
                        <!--css div popup end-->
                    </div>
                </td>
            </tr>
            
            <tr id="ft7.2" class='none'>
                <td class='errorCase'>
                    <div class='testcase'>
                        <a class="popup_link" onfocus='this.blur();'
                           href="javascript:showTestDetail('div_ft7.2')">test_fulltext_results_status_check</a>
                    </div>
                </td>
                <td colspan='5' align='center'>
                    <div>
                        <!--css div popup start-->
                        <button>
                            <a class="popup_link" onfocus='this.blur();'
                               href="javascript:showTestDetail('div_ft7.2')" style="color:#660066;">
                                ERROR
                            </a></button>
                        <div id='div_ft7.2' class="popup_window">
                            <div style='text-align: right; color:red;cursor:pointer'>
                                <a onfocus='this.blur();'
                                   onclick="document.getElementById('div_ft7.2').style.display = 'none'; "
                                   style="color:red;">
                                    [x]</a>
                            </div>
                            <pre>2022-03-03 00:20:40.566521 : 
                             
                             
2022-03-03 00:20:40.566521 : ====== WebDriver manager ======
                             
2022-03-03 00:20:40.625491 : Current google-chrome version is 98.0.4758
                             
2022-03-03 00:20:40.626469 : Get LATEST chromedriver version for 98.0.4758 google-chrome
                             
2022-03-03 00:20:40.771608 : Driver [C:\Users\KDK\.wdm\drivers\chromedriver\win32\98.0.4758.102\chromedriver.exe] found in cache
                             
2022-03-03 00:20:49.081615 : ZANZIBAR
</pre>
                            <pre style="color: red;">Traceback (most recent call last):
  File "C:\Users\KDK\Desktop\FW_Automation_Local_Deploy_PyCharm\fulltext_C.py", line 97, in test_fulltext_results_status_check
    vysledkyTextItemsSingle = driver.find_element_by_xpath("//*[@class='f_fulltextResults-item']/a")
  File "C:\Users\KDK\anaconda3\lib\site-packages\selenium\webdriver\remote\webdriver.py", line 394, in find_element_by_xpath
    return self.find_element(by=By.XPATH, value=xpath)
  File "C:\Users\KDK\anaconda3\lib\site-packages\selenium\webdriver\remote\webdriver.py", line 976, in find_element
    return self.execute(Command.FIND_ELEMENT, {
  File "C:\Users\KDK\anaconda3\lib\site-packages\selenium\webdriver\remote\webdriver.py", line 321, in execute
    self.error_handler.check_response(response)
  File "C:\Users\KDK\anaconda3\lib\site-packages\selenium\webdriver\remote\errorhandler.py", line 242, in check_response
    raise exception_class(message, screen, stacktrace)
selenium.common.exceptions.NoSuchElementException: Message: no such element: Unable to locate element: {"method":"xpath","selector":"//*[@class='f_fulltextResults-item']/a"}
  (Session info: chrome=98.0.4758.102)

</pre>
                        </div>
                        <!--css div popup end-->
                    </div>
                </td>
            </tr>
            
        
        <tr class='passClass' style="font-weight:bold;color:white;">
            <td><a href="javascript:showClassDetail('c8','1')">groupsearch_D.Test_Groupsearch_D</a></td>
            <td>1</td>
            <td>1</td>
            <td>0</td>
            <td>0</td>
            <td>
                <button><a href="javascript:showClassDetail('c8','1')"
                           style="color:#660066;">Detail</a></button>
            </td>
        </tr>
            
            <tr id="pt8.1" class='hiddenRow'>
                <td class='passCase'>
                    <div class='testcase'>
                        <a class="popup_link" onfocus='this.blur();'
                           href="javascript:showTestDetail('div_pt8.1')">test_groupsearch_D</a>
                    </div>
                </td>
                <td colspan='5' align='center'>
                    <div>
                        <!--css div popup start-->
                        <button>
                            <a class="popup_link" onfocus='this.blur();'
                               href="javascript:showTestDetail('div_pt8.1')" style="color:#660066;">
                                PASS
                            </a></button>
                        <div id='div_pt8.1' class="popup_window">
                            <div style='text-align: right; color:red;cursor:pointer'>
                                <a onfocus='this.blur();'
                                   onclick="document.getElementById('div_pt8.1').style.display = 'none'; "
                                   style="color:red;">
                                    [x]</a>
                            </div>
                            <pre>2022-03-03 00:20:51.476765 : 
                             
                             
2022-03-03 00:20:51.477765 : ====== WebDriver manager ======
                             
2022-03-03 00:20:51.529716 : Current google-chrome version is 98.0.4758
                             
2022-03-03 00:20:51.529716 : Get LATEST chromedriver version for 98.0.4758 google-chrome
                             
2022-03-03 00:20:51.594374 : Driver [C:\Users\KDK\.wdm\drivers\chromedriver\win32\98.0.4758.102\chromedriver.exe] found in cache
                             
</pre>
                            <pre style="color: red;"></pre>
                        </div>
                        <!--css div popup end-->
                    </div>
                </td>
            </tr>
            
        
        <tr class='passClass' style="font-weight:bold;color:white;">
            <td><a href="javascript:showClassDetail('c9','1')">HP_FAQ_D.TestHP_D</a></td>
            <td>1</td>
            <td>1</td>
            <td>0</td>
            <td>0</td>
            <td>
                <button><a href="javascript:showClassDetail('c9','1')"
                           style="color:#660066;">Detail</a></button>
            </td>
        </tr>
            
            <tr id="pt9.1" class='hiddenRow'>
                <td class='passCase'>
                    <div class='testcase'>
                        <a class="popup_link" onfocus='this.blur();'
                           href="javascript:showTestDetail('div_pt9.1')">test_homePage_D</a>
                    </div>
                </td>
                <td colspan='5' align='center'>
                    <div>
                        <!--css div popup start-->
                        <button>
                            <a class="popup_link" onfocus='this.blur();'
                               href="javascript:showTestDetail('div_pt9.1')" style="color:#660066;">
                                PASS
                            </a></button>
                        <div id='div_pt9.1' class="popup_window">
                            <div style='text-align: right; color:red;cursor:pointer'>
                                <a onfocus='this.blur();'
                                   onclick="document.getElementById('div_pt9.1').style.display = 'none'; "
                                   style="color:red;">
                                    [x]</a>
                            </div>
                            <pre>2022-03-03 00:20:59.773390 : 
                             
                             
2022-03-03 00:20:59.773390 : ====== WebDriver manager ======
                             
2022-03-03 00:20:59.827341 : Current google-chrome version is 98.0.4758
                             
2022-03-03 00:20:59.827341 : Get LATEST chromedriver version for 98.0.4758 google-chrome
                             
2022-03-03 00:20:59.883361 : Driver [C:\Users\KDK\.wdm\drivers\chromedriver\win32\98.0.4758.102\chromedriver.exe] found in cache
                             
</pre>
                            <pre style="color: red;"></pre>
                        </div>
                        <!--css div popup end-->
                    </div>
                </td>
            </tr>
            
        
        <tr class='passClass' style="font-weight:bold;color:white;">
            <td><a href="javascript:showClassDetail('c10','1')">LM_D.TestLM_D</a></td>
            <td>1</td>
            <td>1</td>
            <td>0</td>
            <td>0</td>
            <td>
                <button><a href="javascript:showClassDetail('c10','1')"
                           style="color:#660066;">Detail</a></button>
            </td>
        </tr>
            
            <tr id="pt10.1" class='hiddenRow'>
                <td class='passCase'>
                    <div class='testcase'>
                        <a class="popup_link" onfocus='this.blur();'
                           href="javascript:showTestDetail('div_pt10.1')">test_lM_isDisplayed</a>
                    </div>
                </td>
                <td colspan='5' align='center'>
                    <div>
                        <!--css div popup start-->
                        <button>
                            <a class="popup_link" onfocus='this.blur();'
                               href="javascript:showTestDetail('div_pt10.1')" style="color:#660066;">
                                PASS
                            </a></button>
                        <div id='div_pt10.1' class="popup_window">
                            <div style='text-align: right; color:red;cursor:pointer'>
                                <a onfocus='this.blur();'
                                   onclick="document.getElementById('div_pt10.1').style.display = 'none'; "
                                   style="color:red;">
                                    [x]</a>
                            </div>
                            <pre>2022-03-03 00:21:15.526399 : 
                             
                             
2022-03-03 00:21:15.526399 : ====== WebDriver manager ======
                             
2022-03-03 00:21:15.560355 : Current google-chrome version is 98.0.4758
                             
2022-03-03 00:21:15.560355 : Get LATEST chromedriver version for 98.0.4758 google-chrome
                             
2022-03-03 00:21:15.618862 : Driver [C:\Users\KDK\.wdm\drivers\chromedriver\win32\98.0.4758.102\chromedriver.exe] found in cache
                             
</pre>
                            <pre style="color: red;"></pre>
                        </div>
                        <!--css div popup end-->
                    </div>
                </td>
            </tr>
            
        
        <tr class='passClass' style="font-weight:bold;color:white;">
            <td><a href="javascript:showClassDetail('c11','1')">pobocky.TestPobocky_D</a></td>
            <td>1</td>
            <td>1</td>
            <td>0</td>
            <td>0</td>
            <td>
                <button><a href="javascript:showClassDetail('c11','1')"
                           style="color:#660066;">Detail</a></button>
            </td>
        </tr>
            
            <tr id="pt11.1" class='hiddenRow'>
                <td class='passCase'>
                    <div class='testcase'>
                        <a class="popup_link" onfocus='this.blur();'
                           href="javascript:showTestDetail('div_pt11.1')">test_pobocky_D</a>
                    </div>
                </td>
                <td colspan='5' align='center'>
                    <div>
                        <!--css div popup start-->
                        <button>
                            <a class="popup_link" onfocus='this.blur();'
                               href="javascript:showTestDetail('div_pt11.1')" style="color:#660066;">
                                PASS
                            </a></button>
                        <div id='div_pt11.1' class="popup_window">
                            <div style='text-align: right; color:red;cursor:pointer'>
                                <a onfocus='this.blur();'
                                   onclick="document.getElementById('div_pt11.1').style.display = 'none'; "
                                   style="color:red;">
                                    [x]</a>
                            </div>
                            <pre>2022-03-03 00:21:28.890363 : 
                             
                             
2022-03-03 00:21:28.890363 : ====== WebDriver manager ======
                             
2022-03-03 00:21:28.941345 : Current google-chrome version is 98.0.4758
                             
2022-03-03 00:21:28.941345 : Get LATEST chromedriver version for 98.0.4758 google-chrome
                             
2022-03-03 00:21:29.077298 : Driver [C:\Users\KDK\.wdm\drivers\chromedriver\win32\98.0.4758.102\chromedriver.exe] found in cache
                             
2022-03-03 00:21:37.086999 : boxiky
2022-03-03 00:21:37.093997 : boxiky
2022-03-03 00:21:37.101995 : boxiky
2022-03-03 00:21:37.108993 : boxiky
2022-03-03 00:21:37.115991 : boxiky
2022-03-03 00:21:37.202963 : boxiky
2022-03-03 00:21:37.265943 : basic info 
2022-03-03 00:21:37.274940 : basic info 
2022-03-03 00:21:37.284937 : basic info 
2022-03-03 00:21:37.292934 : basic info 
2022-03-03 00:21:37.306929 : basic info 
2022-03-03 00:21:37.315927 : basic info 
</pre>
                            <pre style="color: red;"></pre>
                        </div>
                        <!--css div popup end-->
                    </div>
                </td>
            </tr>
            
        
        <tr class='passClass' style="font-weight:bold;color:white;">
            <td><a href="javascript:showClassDetail('c12','4')">poznavacky.TestPoznavacky_D</a></td>
            <td>4</td>
            <td>4</td>
            <td>0</td>
            <td>0</td>
            <td>
                <button><a href="javascript:showClassDetail('c12','4')"
                           style="color:#660066;">Detail</a></button>
            </td>
        </tr>
            
            <tr id="pt12.1" class='hiddenRow'>
                <td class='passCase'>
                    <div class='testcase'>
                        <a class="popup_link" onfocus='this.blur();'
                           href="javascript:showTestDetail('div_pt12.1')">test_poznavacky_okruzni_D</a>
                    </div>
                </td>
                <td colspan='5' align='center'>
                    <div>
                        <!--css div popup start-->
                        <button>
                            <a class="popup_link" onfocus='this.blur();'
                               href="javascript:showTestDetail('div_pt12.1')" style="color:#660066;">
                                PASS
                            </a></button>
                        <div id='div_pt12.1' class="popup_window">
                            <div style='text-align: right; color:red;cursor:pointer'>
                                <a onfocus='this.blur();'
                                   onclick="document.getElementById('div_pt12.1').style.display = 'none'; "
                                   style="color:red;">
                                    [x]</a>
                            </div>
                            <pre>2022-03-03 00:21:40.201974 : 
                             
                             
2022-03-03 00:21:40.201974 : ====== WebDriver manager ======
                             
2022-03-03 00:21:40.245002 : Current google-chrome version is 98.0.4758
                             
2022-03-03 00:21:40.245002 : Get LATEST chromedriver version for 98.0.4758 google-chrome
                             
2022-03-03 00:21:40.314050 : Driver [C:\Users\KDK\.wdm\drivers\chromedriver\win32\98.0.4758.102\chromedriver.exe] found in cache
                             
2022-03-03 00:21:51.912044 : []
</pre>
                            <pre style="color: red;"></pre>
                        </div>
                        <!--css div popup end-->
                    </div>
                </td>
            </tr>
            
            <tr id="pt12.2" class='hiddenRow'>
                <td class='passCase'>
                    <div class='testcase'>
                        <a class="popup_link" onfocus='this.blur();'
                           href="javascript:showTestDetail('div_pt12.2')">test_poznavacky_vikendy_D</a>
                    </div>
                </td>
                <td colspan='5' align='center'>
                    <div>
                        <!--css div popup start-->
                        <button>
                            <a class="popup_link" onfocus='this.blur();'
                               href="javascript:showTestDetail('div_pt12.2')" style="color:#660066;">
                                PASS
                            </a></button>
                        <div id='div_pt12.2' class="popup_window">
                            <div style='text-align: right; color:red;cursor:pointer'>
                                <a onfocus='this.blur();'
                                   onclick="document.getElementById('div_pt12.2').style.display = 'none'; "
                                   style="color:red;">
                                    [x]</a>
                            </div>
                            <pre>2022-03-03 00:21:54.194488 : 
                             
                             
2022-03-03 00:21:54.194488 : ====== WebDriver manager ======
                             
2022-03-03 00:21:54.235474 : Current google-chrome version is 98.0.4758
                             
2022-03-03 00:21:54.235474 : Get LATEST chromedriver version for 98.0.4758 google-chrome
                             
2022-03-03 00:21:54.325121 : Driver [C:\Users\KDK\.wdm\drivers\chromedriver\win32\98.0.4758.102\chromedriver.exe] found in cache
                             
2022-03-03 00:22:06.038541 : []
</pre>
                            <pre style="color: red;"></pre>
                        </div>
                        <!--css div popup end-->
                    </div>
                </td>
            </tr>
            
            <tr id="pt12.3" class='hiddenRow'>
                <td class='passCase'>
                    <div class='testcase'>
                        <a class="popup_link" onfocus='this.blur();'
                           href="javascript:showTestDetail('div_pt12.3')">test_poznavacky_rodiny_D</a>
                    </div>
                </td>
                <td colspan='5' align='center'>
                    <div>
                        <!--css div popup start-->
                        <button>
                            <a class="popup_link" onfocus='this.blur();'
                               href="javascript:showTestDetail('div_pt12.3')" style="color:#660066;">
                                PASS
                            </a></button>
                        <div id='div_pt12.3' class="popup_window">
                            <div style='text-align: right; color:red;cursor:pointer'>
                                <a onfocus='this.blur();'
                                   onclick="document.getElementById('div_pt12.3').style.display = 'none'; "
                                   style="color:red;">
                                    [x]</a>
                            </div>
                            <pre>2022-03-03 00:22:08.340289 : 
                             
                             
2022-03-03 00:22:08.341315 : ====== WebDriver manager ======
                             
2022-03-03 00:22:08.402282 : Current google-chrome version is 98.0.4758
                             
2022-03-03 00:22:08.402282 : Get LATEST chromedriver version for 98.0.4758 google-chrome
                             
2022-03-03 00:22:08.526067 : Driver [C:\Users\KDK\.wdm\drivers\chromedriver\win32\98.0.4758.102\chromedriver.exe] found in cache
                             
2022-03-03 00:22:22.252228 : []
</pre>
                            <pre style="color: red;"></pre>
                        </div>
                        <!--css div popup end-->
                    </div>
                </td>
            </tr>
            
            <tr id="pt12.4" class='hiddenRow'>
                <td class='passCase'>
                    <div class='testcase'>
                        <a class="popup_link" onfocus='this.blur();'
                           href="javascript:showTestDetail('div_pt12.4')">test_poznavacky_zazitky_D</a>
                    </div>
                </td>
                <td colspan='5' align='center'>
                    <div>
                        <!--css div popup start-->
                        <button>
                            <a class="popup_link" onfocus='this.blur();'
                               href="javascript:showTestDetail('div_pt12.4')" style="color:#660066;">
                                PASS
                            </a></button>
                        <div id='div_pt12.4' class="popup_window">
                            <div style='text-align: right; color:red;cursor:pointer'>
                                <a onfocus='this.blur();'
                                   onclick="document.getElementById('div_pt12.4').style.display = 'none'; "
                                   style="color:red;">
                                    [x]</a>
                            </div>
                            <pre>2022-03-03 00:22:24.544784 : 
                             
                             
2022-03-03 00:22:24.544784 : ====== WebDriver manager ======
                             
2022-03-03 00:22:24.601780 : Current google-chrome version is 98.0.4758
                             
2022-03-03 00:22:24.601780 : Get LATEST chromedriver version for 98.0.4758 google-chrome
                             
2022-03-03 00:22:24.705775 : Driver [C:\Users\KDK\.wdm\drivers\chromedriver\win32\98.0.4758.102\chromedriver.exe] found in cache
                             
2022-03-03 00:22:38.278733 : []
</pre>
                            <pre style="color: red;"></pre>
                        </div>
                        <!--css div popup end-->
                    </div>
                </td>
            </tr>
            
        
        <tr class='passClass' style="font-weight:bold;color:white;">
            <td><a href="javascript:showClassDetail('c13','1')">SDO_D.TestSDO_D</a></td>
            <td>1</td>
            <td>1</td>
            <td>0</td>
            <td>0</td>
            <td>
                <button><a href="javascript:showClassDetail('c13','1')"
                           style="color:#660066;">Detail</a></button>
            </td>
        </tr>
            
            <tr id="pt13.1" class='hiddenRow'>
                <td class='passCase'>
                    <div class='testcase'>
                        <a class="popup_link" onfocus='this.blur();'
                           href="javascript:showTestDetail('div_pt13.1')">test_SDO_D</a>
                    </div>
                </td>
                <td colspan='5' align='center'>
                    <div>
                        <!--css div popup start-->
                        <button>
                            <a class="popup_link" onfocus='this.blur();'
                               href="javascript:showTestDetail('div_pt13.1')" style="color:#660066;">
                                PASS
                            </a></button>
                        <div id='div_pt13.1' class="popup_window">
                            <div style='text-align: right; color:red;cursor:pointer'>
                                <a onfocus='this.blur();'
                                   onclick="document.getElementById('div_pt13.1').style.display = 'none'; "
                                   style="color:red;">
                                    [x]</a>
                            </div>
                            <pre>2022-03-03 00:22:40.585563 : 
                             
                             
2022-03-03 00:22:40.585563 : ====== WebDriver manager ======
                             
2022-03-03 00:22:40.633515 : Current google-chrome version is 98.0.4758
                             
2022-03-03 00:22:40.633515 : Get LATEST chromedriver version for 98.0.4758 google-chrome
                             
2022-03-03 00:22:40.817103 : Driver [C:\Users\KDK\.wdm\drivers\chromedriver\win32\98.0.4758.102\chromedriver.exe] found in cache
                             
</pre>
                            <pre style="color: red;"></pre>
                        </div>
                        <!--css div popup end-->
                    </div>
                </td>
            </tr>
            
        
        <tr class='errorClass' style="font-weight:bold;color:white;">
            <td><a href="javascript:showClassDetail('c14','5')">SRL_C.Test_SRL_C</a></td>
            <td>5</td>
            <td>2</td>
            <td>1</td>
            <td>2</td>
            <td>
                <button><a href="javascript:showClassDetail('c14','5')"
                           style="color:#660066;">Detail</a></button>
            </td>
        </tr>
            
            <tr id="ft14.1" class='none'>
                <td class='errorCase'>
                    <div class='testcase'>
                        <a class="popup_link" onfocus='this.blur();'
                           href="javascript:showTestDetail('div_ft14.1')">test_SRL_sort_cheapest</a>
                    </div>
                </td>
                <td colspan='5' align='center'>
                    <div>
                        <!--css div popup start-->
                        <button>
                            <a class="popup_link" onfocus='this.blur();'
                               href="javascript:showTestDetail('div_ft14.1')" style="color:#660066;">
                                ERROR
                            </a></button>
                        <div id='div_ft14.1' class="popup_window">
                            <div style='text-align: right; color:red;cursor:pointer'>
                                <a onfocus='this.blur();'
                                   onclick="document.getElementById('div_ft14.1').style.display = 'none'; "
                                   style="color:red;">
                                    [x]</a>
                            </div>
                            <pre>2022-03-03 00:22:53.459277 : 
                             
                             
2022-03-03 00:22:53.459277 : ====== WebDriver manager ======
                             
2022-03-03 00:22:53.514257 : Current google-chrome version is 98.0.4758
                             
2022-03-03 00:22:53.514257 : Get LATEST chromedriver version for 98.0.4758 google-chrome
                             
2022-03-03 00:22:53.577586 : Driver [C:\Users\KDK\.wdm\drivers\chromedriver\win32\98.0.4758.102\chromedriver.exe] found in cache
                             
2022-03-03 00:23:04.813461 : nenasle se exponea banner
</pre>
                            <pre style="color: red;">Traceback (most recent call last):
  File "C:\Users\KDK\Desktop\FW_Automation_Local_Deploy_PyCharm\SRL_C.py", line 30, in test_SRL_sort_cheapest
    sortByCheapest = self.driver.find_element_by_xpath("//*[contains(text(), 'od nejlevnìjšího')]")
  File "C:\Users\KDK\anaconda3\lib\site-packages\selenium\webdriver\remote\webdriver.py", line 394, in find_element_by_xpath
    return self.find_element(by=By.XPATH, value=xpath)
  File "C:\Users\KDK\anaconda3\lib\site-packages\selenium\webdriver\remote\webdriver.py", line 976, in find_element
    return self.execute(Command.FIND_ELEMENT, {
  File "C:\Users\KDK\anaconda3\lib\site-packages\selenium\webdriver\remote\webdriver.py", line 321, in execute
    self.error_handler.check_response(response)
  File "C:\Users\KDK\anaconda3\lib\site-packages\selenium\webdriver\remote\errorhandler.py", line 242, in check_response
    raise exception_class(message, screen, stacktrace)
selenium.common.exceptions.NoSuchElementException: Message: no such element: Unable to locate element: {"method":"xpath","selector":"//*[contains(text(), 'od nejlevnìjšího')]"}
  (Session info: chrome=98.0.4758.102)

</pre>
                        </div>
                        <!--css div popup end-->
                    </div>
                </td>
            </tr>
            
            <tr id="ft14.2" class='none'>
                <td class='errorCase'>
                    <div class='testcase'>
                        <a class="popup_link" onfocus='this.blur();'
                           href="javascript:showTestDetail('div_ft14.2')">test_SRL_sort_expensive</a>
                    </div>
                </td>
                <td colspan='5' align='center'>
                    <div>
                        <!--css div popup start-->
                        <button>
                            <a class="popup_link" onfocus='this.blur();'
                               href="javascript:showTestDetail('div_ft14.2')" style="color:#660066;">
                                ERROR
                            </a></button>
                        <div id='div_ft14.2' class="popup_window">
                            <div style='text-align: right; color:red;cursor:pointer'>
                                <a onfocus='this.blur();'
                                   onclick="document.getElementById('div_ft14.2').style.display = 'none'; "
                                   style="color:red;">
                                    [x]</a>
                            </div>
                            <pre>2022-03-03 00:23:09.138435 : 
                             
                             
2022-03-03 00:23:09.138435 : ====== WebDriver manager ======
                             
2022-03-03 00:23:09.192399 : Current google-chrome version is 98.0.4758
                             
2022-03-03 00:23:09.192399 : Get LATEST chromedriver version for 98.0.4758 google-chrome
                             
2022-03-03 00:23:09.261605 : Driver [C:\Users\KDK\.wdm\drivers\chromedriver\win32\98.0.4758.102\chromedriver.exe] found in cache
                             
2022-03-03 00:23:21.042235 : nenasle se exponea banner
</pre>
                            <pre style="color: red;">Traceback (most recent call last):
  File "C:\Users\KDK\Desktop\FW_Automation_Local_Deploy_PyCharm\SRL_C.py", line 78, in test_SRL_sort_expensive
    sortByMostExpensive = driver.find_element_by_xpath("//*[contains(text(), 'od nejdražšího')]")
  File "C:\Users\KDK\anaconda3\lib\site-packages\selenium\webdriver\remote\webdriver.py", line 394, in find_element_by_xpath
    return self.find_element(by=By.XPATH, value=xpath)
  File "C:\Users\KDK\anaconda3\lib\site-packages\selenium\webdriver\remote\webdriver.py", line 976, in find_element
    return self.execute(Command.FIND_ELEMENT, {
  File "C:\Users\KDK\anaconda3\lib\site-packages\selenium\webdriver\remote\webdriver.py", line 321, in execute
    self.error_handler.check_response(response)
  File "C:\Users\KDK\anaconda3\lib\site-packages\selenium\webdriver\remote\errorhandler.py", line 242, in check_response
    raise exception_class(message, screen, stacktrace)
selenium.common.exceptions.NoSuchElementException: Message: no such element: Unable to locate element: {"method":"xpath","selector":"//*[contains(text(), 'od nejdražšího')]"}
  (Session info: chrome=98.0.4758.102)

</pre>
                        </div>
                        <!--css div popup end-->
                    </div>
                </td>
            </tr>
            
            <tr id="pt14.3" class='hiddenRow'>
                <td class='passCase'>
                    <div class='testcase'>
                        <a class="popup_link" onfocus='this.blur();'
                           href="javascript:showTestDetail('div_pt14.3')">test_SRL_map</a>
                    </div>
                </td>
                <td colspan='5' align='center'>
                    <div>
                        <!--css div popup start-->
                        <button>
                            <a class="popup_link" onfocus='this.blur();'
                               href="javascript:showTestDetail('div_pt14.3')" style="color:#660066;">
                                PASS
                            </a></button>
                        <div id='div_pt14.3' class="popup_window">
                            <div style='text-align: right; color:red;cursor:pointer'>
                                <a onfocus='this.blur();'
                                   onclick="document.getElementById('div_pt14.3').style.display = 'none'; "
                                   style="color:red;">
                                    [x]</a>
                            </div>
                            <pre>2022-03-03 00:23:23.371030 : 
                             
                             
2022-03-03 00:23:23.371030 : ====== WebDriver manager ======
                             
2022-03-03 00:23:23.390042 : Current google-chrome version is 98.0.4758
                             
2022-03-03 00:23:23.390042 : Get LATEST chromedriver version for 98.0.4758 google-chrome
                             
2022-03-03 00:23:23.451291 : Driver [C:\Users\KDK\.wdm\drivers\chromedriver\win32\98.0.4758.102\chromedriver.exe] found in cache
                             
2022-03-03 00:23:38.214735 : nenasle se exponea banner
2022-03-03 00:23:46.407684 : nenasel se small kolecko ElementNotInteractableException
2022-03-03 00:23:49.599216 : actually OK
</pre>
                            <pre style="color: red;"></pre>
                        </div>
                        <!--css div popup end-->
                    </div>
                </td>
            </tr>
            
            <tr id="pt14.4" class='hiddenRow'>
                <td class='passCase'>
                    <div class='testcase'>
                        <a class="popup_link" onfocus='this.blur();'
                           href="javascript:showTestDetail('div_pt14.4')">test_SRL_filtr_strava</a>
                    </div>
                </td>
                <td colspan='5' align='center'>
                    <div>
                        <!--css div popup start-->
                        <button>
                            <a class="popup_link" onfocus='this.blur();'
                               href="javascript:showTestDetail('div_pt14.4')" style="color:#660066;">
                                PASS
                            </a></button>
                        <div id='div_pt14.4' class="popup_window">
                            <div style='text-align: right; color:red;cursor:pointer'>
                                <a onfocus='this.blur();'
                                   onclick="document.getElementById('div_pt14.4').style.display = 'none'; "
                                   style="color:red;">
                                    [x]</a>
                            </div>
                            <pre>2022-03-03 00:24:01.623771 : 
                             
                             
2022-03-03 00:24:01.624770 : ====== WebDriver manager ======
                             
2022-03-03 00:24:01.657759 : Current google-chrome version is 98.0.4758
                             
2022-03-03 00:24:01.657759 : Get LATEST chromedriver version for 98.0.4758 google-chrome
                             
2022-03-03 00:24:01.719023 : Driver [C:\Users\KDK\.wdm\drivers\chromedriver\win32\98.0.4758.102\chromedriver.exe] found in cache
                             
2022-03-03 00:24:12.428800 : nenasle se exponea banner
2022-03-03 00:24:18.925741 : []
</pre>
                            <pre style="color: red;"></pre>
                        </div>
                        <!--css div popup end-->
                    </div>
                </td>
            </tr>
            
            <tr id="ft14.5" class='none'>
                <td class='failCase'>
                    <div class='testcase'>
                        <a class="popup_link" onfocus='this.blur();'
                           href="javascript:showTestDetail('div_ft14.5')">test_srl_C</a>
                    </div>
                </td>
                <td colspan='5' align='center'>
                    <div>
                        <!--css div popup start-->
                        <button>
                            <a class="popup_link" onfocus='this.blur();'
                               href="javascript:showTestDetail('div_ft14.5')" style="color:#660066;">
                                FAIL
                            </a></button>
                        <div id='div_ft14.5' class="popup_window">
                            <div style='text-align: right; color:red;cursor:pointer'>
                                <a onfocus='this.blur();'
                                   onclick="document.getElementById('div_ft14.5').style.display = 'none'; "
                                   style="color:red;">
                                    [x]</a>
                            </div>
                            <pre>2022-03-03 00:24:29.427613 : 
                             
                             
2022-03-03 00:24:29.427613 : ====== WebDriver manager ======
                             
2022-03-03 00:24:29.485582 : Current google-chrome version is 98.0.4758
                             
2022-03-03 00:24:29.485582 : Get LATEST chromedriver version for 98.0.4758 google-chrome
                             
2022-03-03 00:24:29.548614 : Driver [C:\Users\KDK\.wdm\drivers\chromedriver\win32\98.0.4758.102\chromedriver.exe] found in cache
                             
2022-03-03 00:24:40.787426 : nenasle se exponea banner
2022-03-03 00:24:40.822417 : |||||HOTEL CISLO|||||||
2022-03-03 00:24:40.822417 : 1
2022-03-03 00:24:40.822417 : 1
2022-03-03 00:24:40.822417 : 1
2022-03-03 00:24:46.347918 : nenasle se exponea banner
2022-03-03 00:24:47.512324 : 574 €
2022-03-03 00:24:47.512324 : pokoje sedi srl vs detail
2022-03-03 00:24:47.512324 : stravy sedi srl vs detail
2022-03-03 00:24:47.512324 : ceny all sedi srl vs detail
2022-03-03 00:24:47.512324 :  cena adult sedi srl vs detail
2022-03-03 00:24:47.528320 : 1
2022-03-03 00:24:47.528320 : 2
2022-03-03 00:24:47.528320 : |||||HOTEL CISLO|||||||
2022-03-03 00:24:47.528320 : 2
2022-03-03 00:24:47.528320 : 2
2022-03-03 00:24:47.528320 : 2
2022-03-03 00:24:51.458449 : nenasle se exponea banner
2022-03-03 00:24:52.617715 : 636 €
2022-03-03 00:24:52.617715 : pokoje sedi srl vs detail
2022-03-03 00:24:52.617715 : stravy sedi srl vs detail
2022-03-03 00:24:52.617715 : ceny all sedi srl vs detail
2022-03-03 00:24:52.617715 :  cena adult sedi srl vs detail
2022-03-03 00:24:52.633711 : 2
2022-03-03 00:24:52.633711 : 3
2022-03-03 00:24:52.633711 : |||||HOTEL CISLO|||||||
2022-03-03 00:24:52.633711 : 3
2022-03-03 00:24:52.633711 : 3
2022-03-03 00:24:52.633711 : 3
2022-03-03 00:24:56.990831 : nenasle se exponea banner
2022-03-03 00:24:58.113681 : 628 €
2022-03-03 00:24:58.113681 : pokoje sedi srl vs detail
2022-03-03 00:24:58.113681 : stravy sedi srl vs detail
2022-03-03 00:24:58.113681 : ceny all sedi srl vs detail
2022-03-03 00:24:58.113681 :  cena adult sedi srl vs detail
2022-03-03 00:24:58.166665 : 3
2022-03-03 00:24:58.166665 : 4
2022-03-03 00:24:58.166665 : |||||HOTEL CISLO|||||||
2022-03-03 00:24:58.166665 : 4
2022-03-03 00:24:58.166665 : 4
2022-03-03 00:24:58.166665 : 4
2022-03-03 00:25:02.645714 : nenasle se exponea banner
2022-03-03 00:25:03.843473 : 732 €
2022-03-03 00:25:03.843473 : pokoje sedi srl vs detail
2022-03-03 00:25:03.843473 : stravy sedi srl vs detail
2022-03-03 00:25:03.843473 : ceny all sedi srl vs detail
2022-03-03 00:25:03.843473 :  cena adult sedi srl vs detail
2022-03-03 00:25:03.861468 : 4
2022-03-03 00:25:03.861468 : 5
2022-03-03 00:25:03.861468 : |||||HOTEL CISLO|||||||
2022-03-03 00:25:03.861468 : 5
2022-03-03 00:25:03.861468 : 5
2022-03-03 00:25:03.861468 : 5
2022-03-03 00:25:08.081005 : nenasle se exponea banner
2022-03-03 00:25:09.278052 : 764 €
2022-03-03 00:25:09.278052 : pokoje sedi srl vs detail
2022-03-03 00:25:09.278052 : stravy sedi srl vs detail
2022-03-03 00:25:09.278052 : ceny all sedi srl vs detail
2022-03-03 00:25:09.278052 :  cena adult sedi srl vs detail
2022-03-03 00:25:09.338025 : 5
2022-03-03 00:25:09.338025 : 6
2022-03-03 00:25:09.338025 : |||||HOTEL CISLO|||||||
2022-03-03 00:25:09.338025 : 6
2022-03-03 00:25:09.338025 : 6
2022-03-03 00:25:09.338025 : 6
2022-03-03 00:25:13.871865 : nenasle se exponea banner
2022-03-03 00:25:15.041209 : 784 €
2022-03-03 00:25:15.041209 : pokoje sedi srl vs detail
2022-03-03 00:25:15.041209 : stravy sedi srl vs detail
2022-03-03 00:25:15.041209 : ceny all sedi srl vs detail
2022-03-03 00:25:15.041209 :  cena adult sedi srl vs detail
2022-03-03 00:25:15.100191 : 6
2022-03-03 00:25:15.100191 : 7
2022-03-03 00:25:15.100191 : |||||HOTEL CISLO|||||||
2022-03-03 00:25:15.100191 : 7
2022-03-03 00:25:15.100191 : 7
2022-03-03 00:25:15.100191 : 7
2022-03-03 00:25:19.387299 : nenasle se exponea banner
2022-03-03 00:25:20.506771 : 808 €
2022-03-03 00:25:20.506771 : pokoje sedi srl vs detail
2022-03-03 00:25:20.506771 : stravy sedi srl vs detail
2022-03-03 00:25:20.506771 : ceny all sedi srl vs detail
2022-03-03 00:25:20.506771 :  cena adult sedi srl vs detail
2022-03-03 00:25:20.565760 : 7
2022-03-03 00:25:20.565760 : 8
2022-03-03 00:25:20.565760 : |||||HOTEL CISLO|||||||
2022-03-03 00:25:20.565760 : 8
2022-03-03 00:25:20.565760 : 8
2022-03-03 00:25:20.565760 : 8
2022-03-03 00:25:24.798437 : nenasle se exponea banner
2022-03-03 00:25:25.997193 : 1 532 €
2022-03-03 00:25:25.997193 : pokoje sedi srl vs detail
2022-03-03 00:25:25.997193 : stravy sedi srl vs detail
2022-03-03 00:25:25.997193 : ceny all sedi srl vs detail
2022-03-03 00:25:25.997193 :  cena adult sedi srl vs detail
2022-03-03 00:25:26.064163 : 8
2022-03-03 00:25:26.064163 : 9
2022-03-03 00:25:26.064163 : |||||HOTEL CISLO|||||||
2022-03-03 00:25:26.064163 : 9
2022-03-03 00:25:26.064163 : 9
2022-03-03 00:25:26.064163 : 9
2022-03-03 00:25:30.550084 : nenasle se exponea banner
2022-03-03 00:25:31.724211 : 610 €
2022-03-03 00:25:31.724211 : pokoje sedi srl vs detail
2022-03-03 00:25:31.724211 : stravy sedi srl vs detail
2022-03-03 00:25:31.724211 : ceny all sedi srl vs detail
2022-03-03 00:25:31.724211 :  cena adult sedi srl vs detail
2022-03-03 00:25:31.788191 : 9
2022-03-03 00:25:31.789191 : 10
2022-03-03 00:25:31.789191 : |||||HOTEL CISLO|||||||
2022-03-03 00:25:31.789191 : 10
2022-03-03 00:25:31.789191 : 10
2022-03-03 00:25:31.789191 : 10
2022-03-03 00:25:36.350218 : nenasle se exponea banner
2022-03-03 00:25:37.491899 : 636 €
2022-03-03 00:25:37.491899 : pokoje sedi srl vs detail
2022-03-03 00:25:37.491899 : stravy sedi srl vs detail
2022-03-03 00:25:37.491899 : ceny all sedi srl vs detail
2022-03-03 00:25:37.491899 :  cena adult sedi srl vs detail
2022-03-03 00:25:37.527882 : 10
2022-03-03 00:25:37.527882 : 11
2022-03-03 00:25:37.527882 : |||||HOTEL CISLO|||||||
2022-03-03 00:25:37.527882 : 11
2022-03-03 00:25:37.527882 : 11
2022-03-03 00:25:37.527882 : 11
2022-03-03 00:25:41.840725 : nenasle se exponea banner
2022-03-03 00:25:43.005410 : 816 €
2022-03-03 00:25:43.005410 : pokoje sedi srl vs detail
2022-03-03 00:25:43.005410 : stravy sedi srl vs detail
2022-03-03 00:25:43.005410 : ceny all sedi srl vs detail
2022-03-03 00:25:43.005410 :  cena adult sedi srl vs detail
2022-03-03 00:25:43.064392 : 11
2022-03-03 00:25:43.064392 : 12
2022-03-03 00:25:43.064392 : |||||HOTEL CISLO|||||||
2022-03-03 00:25:43.064392 : 12
2022-03-03 00:25:43.064392 : 12
2022-03-03 00:25:43.064392 : 12
2022-03-03 00:25:47.386161 : nenasle se exponea banner
2022-03-03 00:25:48.520297 : 880 €
2022-03-03 00:25:48.520297 : pokoje sedi srl vs detail
2022-03-03 00:25:48.520297 : stravy sedi srl vs detail
2022-03-03 00:25:48.520297 : ceny all sedi srl vs detail
2022-03-03 00:25:48.520297 :  cena adult sedi srl vs detail
2022-03-03 00:25:48.541283 : 12
2022-03-03 00:25:48.541283 : 13
2022-03-03 00:25:48.541283 : |||||HOTEL CISLO|||||||
2022-03-03 00:25:48.541283 : 13
2022-03-03 00:25:48.541283 : 13
2022-03-03 00:25:48.541283 : 13
2022-03-03 00:25:53.281669 : nenasle se exponea banner
2022-03-03 00:25:54.477635 : 1 052 €
2022-03-03 00:25:54.477635 : pokoje sedi srl vs detail
2022-03-03 00:25:54.477635 : stravy sedi srl vs detail
2022-03-03 00:25:54.477635 : ceny all sedi srl vs detail
2022-03-03 00:25:54.477635 :  cena adult sedi srl vs detail
2022-03-03 00:25:54.539606 : 13
2022-03-03 00:25:54.539606 : 14
2022-03-03 00:25:54.539606 : |||||HOTEL CISLO|||||||
2022-03-03 00:25:54.539606 : 14
2022-03-03 00:25:54.539606 : 14
2022-03-03 00:25:54.539606 : 14
2022-03-03 00:25:58.864775 : nenasle se exponea banner
2022-03-03 00:25:59.991447 : 948 €
2022-03-03 00:25:59.991447 : pokoje sedi srl vs detail
2022-03-03 00:25:59.991447 : stravy sedi srl vs detail
2022-03-03 00:25:59.991447 : ceny all sedi srl vs detail
2022-03-03 00:25:59.991447 :  cena adult sedi srl vs detail
2022-03-03 00:26:00.014414 : 14
2022-03-03 00:26:00.014414 : 15
2022-03-03 00:26:00.014414 : |||||HOTEL CISLO|||||||
2022-03-03 00:26:00.014414 : 15
2022-03-03 00:26:00.014414 : 15
2022-03-03 00:26:00.014414 : 15
2022-03-03 00:26:05.158094 : nenasle se exponea banner
2022-03-03 00:26:06.295814 : 908 €
</pre>
                            <pre style="color: red;">Traceback (most recent call last):
  File "C:\Users\KDK\Desktop\FW_Automation_Local_Deploy_PyCharm\SRL_C.py", line 382, in test_srl_C
    assert detailPokojSedivkaString == pokojZajezduString
AssertionError
</pre>
                        </div>
                        <!--css div popup end-->
                    </div>
                </td>
            </tr>
            
        
        <tr class='passClass' style="font-weight:bold;color:white;">
            <td><a href="javascript:showClassDetail('c15','1')">SRL_D.TestSRL_D</a></td>
            <td>1</td>
            <td>1</td>
            <td>0</td>
            <td>0</td>
            <td>
                <button><a href="javascript:showClassDetail('c15','1')"
                           style="color:#660066;">Detail</a></button>
            </td>
        </tr>
            
            <tr id="pt15.1" class='hiddenRow'>
                <td class='passCase'>
                    <div class='testcase'>
                        <a class="popup_link" onfocus='this.blur();'
                           href="javascript:showTestDetail('div_pt15.1')">test_SRL_D</a>
                    </div>
                </td>
                <td colspan='5' align='center'>
                    <div>
                        <!--css div popup start-->
                        <button>
                            <a class="popup_link" onfocus='this.blur();'
                               href="javascript:showTestDetail('div_pt15.1')" style="color:#660066;">
                                PASS
                            </a></button>
                        <div id='div_pt15.1' class="popup_window">
                            <div style='text-align: right; color:red;cursor:pointer'>
                                <a onfocus='this.blur();'
                                   onclick="document.getElementById('div_pt15.1').style.display = 'none'; "
                                   style="color:red;">
                                    [x]</a>
                            </div>
                            <pre>2022-03-03 00:26:09.039851 : 
                             
                             
2022-03-03 00:26:09.039851 : ====== WebDriver manager ======
                             
2022-03-03 00:26:09.068825 : Current google-chrome version is 98.0.4758
                             
2022-03-03 00:26:09.068825 : Get LATEST chromedriver version for 98.0.4758 google-chrome
                             
2022-03-03 00:26:09.132205 : Driver [C:\Users\KDK\.wdm\drivers\chromedriver\win32\98.0.4758.102\chromedriver.exe] found in cache
                             
2022-03-03 00:26:15.219446 : True
2022-03-03 00:26:15.246438 : True
2022-03-03 00:26:15.253436 : True
2022-03-03 00:26:15.261433 : True
2022-03-03 00:26:15.268430 : True
2022-03-03 00:26:15.276437 : True
2022-03-03 00:26:15.283425 : True
2022-03-03 00:26:15.291432 : True
2022-03-03 00:26:15.299430 : True
2022-03-03 00:26:15.306417 : True
2022-03-03 00:26:15.315416 : True
2022-03-03 00:26:15.322413 : True
2022-03-03 00:26:15.331419 : True
2022-03-03 00:26:15.338408 : True
2022-03-03 00:26:15.347405 : True
2022-03-03 00:26:15.354416 : True
2022-03-03 00:26:15.363410 : True
2022-03-03 00:26:15.370398 : True
2022-03-03 00:26:15.378404 : True
2022-03-03 00:26:15.385392 : True
2022-03-03 00:26:15.450372 : True
2022-03-03 00:26:15.459368 : True
2022-03-03 00:26:15.467367 : True
2022-03-03 00:26:15.475363 : True
2022-03-03 00:26:15.483371 : True
2022-03-03 00:26:15.491359 : True
2022-03-03 00:26:15.499356 : True
2022-03-03 00:26:15.507354 : True
2022-03-03 00:26:15.515351 : True
2022-03-03 00:26:15.523349 : True
2022-03-03 00:26:15.530346 : True
2022-03-03 00:26:15.538345 : True
2022-03-03 00:26:15.547355 : True
2022-03-03 00:26:15.555348 : True
2022-03-03 00:26:15.562337 : True
2022-03-03 00:26:15.570333 : True
2022-03-03 00:26:15.578331 : True
2022-03-03 00:26:15.586338 : True
2022-03-03 00:26:15.593326 : True
2022-03-03 00:26:15.601323 : True
2022-03-03 00:26:15.679299 : ceny
2022-03-03 00:26:15.688309 : ceny
2022-03-03 00:26:15.696303 : ceny
2022-03-03 00:26:15.704300 : ceny
2022-03-03 00:26:15.711289 : ceny
2022-03-03 00:26:15.719286 : ceny
2022-03-03 00:26:15.727283 : ceny
2022-03-03 00:26:15.735281 : ceny
2022-03-03 00:26:15.743286 : ceny
2022-03-03 00:26:15.751287 : ceny
2022-03-03 00:26:15.759273 : ceny
2022-03-03 00:26:15.767281 : ceny
2022-03-03 00:26:15.775277 : ceny
2022-03-03 00:26:15.783283 : ceny
2022-03-03 00:26:15.792262 : ceny
2022-03-03 00:26:15.801271 : ceny
2022-03-03 00:26:15.810257 : ceny
2022-03-03 00:26:15.818265 : ceny
2022-03-03 00:26:15.826251 : ceny
2022-03-03 00:26:15.834250 : ceny
2022-03-03 00:26:15.842249 : ceny
2022-03-03 00:26:15.850243 : ceny
2022-03-03 00:26:15.859251 : ceny
2022-03-03 00:26:15.867248 : ceny
2022-03-03 00:26:15.875236 : ceny
2022-03-03 00:26:15.884243 : ceny
2022-03-03 00:26:15.892241 : ceny
2022-03-03 00:26:15.900228 : ceny
2022-03-03 00:26:15.908224 : ceny
2022-03-03 00:26:15.918240 : ceny
2022-03-03 00:26:15.926219 : ceny
2022-03-03 00:26:15.934217 : ceny
2022-03-03 00:26:15.943213 : ceny
2022-03-03 00:26:15.951211 : ceny
2022-03-03 00:26:15.959209 : ceny
2022-03-03 00:26:15.967233 : ceny
2022-03-03 00:26:15.977203 : ceny
2022-03-03 00:26:15.985200 : ceny
2022-03-03 00:26:15.994198 : ceny
2022-03-03 00:26:16.001196 : ceny
</pre>
                            <pre style="color: red;"></pre>
                        </div>
                        <!--css div popup end-->
                    </div>
                </td>
            </tr>
            
        

        <tr id='total_row'>
            <td>Total</td>
            <td>25</td>
            <td>15</td>
            <td>1</td>
            <td>9</td>
            <td>&nbsp;</td>
        </tr>
    </table>
</div>
<br><br>
<div id='ending'><b>Time Elapsed: </b>0:09:05.995592</div>
</body>
</html>