<!DOCTYPE html>
<html>
<head>
    <title>Test report</title>
    <meta name="generator" content="HTMLTestRunner 1.0.17"/>
    <meta http-equiv="Content-Type" content="text/html; charset=UTF-8"/>
    <link rel="stylesheet" href="stylesheet.css">
    <script src="script.js"></script>
    <style>
        
    </style>
    <script>
        
    </script>
</head>
<body>
<div class='heading'>
    <h1 style="margin-left:1ex;">Test report</h1>
    
    <p class='attribute'><strong>Start Time : </strong> 2022-03-02 23:36:52</p>
    
    <p class='attribute'><strong>Duration : </strong> 0:06:45.512338</p>
    
    <p class='attribute'><strong>Status : </strong> Pass 13 Error 12</p>
    
    <p class='attribute'><strong>Descrition : </strong> HTMLTestReport</p>
    
    <p class='attribute'><strong>Tested By : </strong> Unknown</p>
    
</div>
<div>
    <p id='show_detail_line'><b>Show</b>
        <button><a href='javascript:showCase(0)' style="color:#660066;">Summary</a></button>
        <button><a href='javascript:showCase(1)' style="color:#660066;">Failed</a></button>
        <button><a href='javascript:showCase(2)' style="color:#660066;">Passed</a></button>
        <button><a href='javascript:showCase(3)' style="color:#660066;">All</a></button>
    </p>
    <table id='result_table'>
        <colgroup>
            <col align='left'/>
            <col align='right'/>
            <col align='right'/>
            <col align='right'/>
            <col align='right'/>
            <col align='right'/>
        </colgroup>
        <tr id='header_row'>
            <td>Test Group/Test case</td>
            <td>Count</td>
            <td>Pass</td>
            <td>Fail</td>
            <td>Error</td>
            <td>View</td>
        </tr>
        
        <tr class='passClass' style="font-weight:bold;color:white;">
            <td><a href="javascript:showClassDetail('c1','1')">CovidInfo_D.TestCovidInfo_D</a></td>
            <td>1</td>
            <td>1</td>
            <td>0</td>
            <td>0</td>
            <td>
                <button><a href="javascript:showClassDetail('c1','1')"
                           style="color:#660066;">Detail</a></button>
            </td>
        </tr>
            
            <tr id="pt1.1" class='hiddenRow'>
                <td class='passCase'>
                    <div class='testcase'>
                        <a class="popup_link" onfocus='this.blur();'
                           href="javascript:showTestDetail('div_pt1.1')">test_covidInfo_D</a>
                    </div>
                </td>
                <td colspan='5' align='center'>
                    <div>
                        <!--css div popup start-->
                        <button>
                            <a class="popup_link" onfocus='this.blur();'
                               href="javascript:showTestDetail('div_pt1.1')" style="color:#660066;">
                                PASS
                            </a></button>
                        <div id='div_pt1.1' class="popup_window">
                            <div style='text-align: right; color:red;cursor:pointer'>
                                <a onfocus='this.blur();'
                                   onclick="document.getElementById('div_pt1.1').style.display = 'none'; "
                                   style="color:red;">
                                    [x]</a>
                            </div>
                            <pre>2022-03-02 23:36:52.824775 : 
                             
                             
2022-03-02 23:36:52.824775 : ====== WebDriver manager ======
                             
2022-03-02 23:36:52.846759 : Current google-chrome version is 98.0.4758
                             
2022-03-02 23:36:52.846759 : Get LATEST chromedriver version for 98.0.4758 google-chrome
                             
2022-03-02 23:36:52.922735 : Driver [C:\Users\KDK\.wdm\drivers\chromedriver\win32\98.0.4758.102\chromedriver.exe] found in cache
                             
2022-03-02 23:37:03.833492 : nenasle se exponea banner
2022-03-02 23:37:03.891474 : gridy jdou videt
2022-03-02 23:37:03.900471 : gridy jdou videt
2022-03-02 23:37:03.962450 : gridy jdou videt
2022-03-02 23:37:04.044939 : gridy jdou videt
2022-03-02 23:37:04.132911 : gridy jdou videt
2022-03-02 23:37:04.203888 : gridy jdou videt
2022-03-02 23:37:04.276865 : gridy jdou videt
2022-03-02 23:37:04.288861 : gridy jdou videt
2022-03-02 23:37:04.297859 : gridy jdou videt
2022-03-02 23:37:04.305855 : gridy jdou videt
2022-03-02 23:37:04.313853 : gridy jdou videt
2022-03-02 23:37:04.320850 : gridy jdou videt
2022-03-02 23:37:04.328852 : gridy jdou videt
2022-03-02 23:37:04.336845 : gridy jdou videt
2022-03-02 23:37:04.344842 : gridy jdou videt
2022-03-02 23:37:04.352840 : gridy jdou videt
2022-03-02 23:37:04.360837 : gridy jdou videt
2022-03-02 23:37:04.368834 : gridy jdou videt
2022-03-02 23:37:04.376832 : gridy jdou videt
2022-03-02 23:37:04.384831 : gridy jdou videt
2022-03-02 23:37:04.392827 : gridy jdou videt
2022-03-02 23:37:04.400824 : gridy jdou videt
2022-03-02 23:37:04.408823 : gridy jdou videt
2022-03-02 23:37:04.416819 : gridy jdou videt
2022-03-02 23:37:04.426817 : gridy jdou videt
2022-03-02 23:37:04.434814 : gridy jdou videt
2022-03-02 23:37:04.442811 : gridy jdou videt
2022-03-02 23:37:04.449809 : gridy jdou videt
2022-03-02 23:37:04.476800 : gridy jdou videt
2022-03-02 23:37:04.485798 : gridy jdou videt
2022-03-02 23:37:04.492795 : gridy jdou videt
2022-03-02 23:37:04.501793 : gridy jdou videt
2022-03-02 23:37:04.508790 : gridy jdou videt
2022-03-02 23:37:04.518787 : gridy jdou videt
2022-03-02 23:37:04.525785 : gridy jdou videt
2022-03-02 23:37:04.574770 : content jdou videt
2022-03-02 23:37:04.585766 : content jdou videt
2022-03-02 23:37:04.593762 : content jdou videt
2022-03-02 23:37:04.601761 : content jdou videt
2022-03-02 23:37:04.609758 : content jdou videt
2022-03-02 23:37:04.617755 : content jdou videt
2022-03-02 23:37:04.626753 : content jdou videt
2022-03-02 23:37:04.635749 : content jdou videt
2022-03-02 23:37:04.643747 : content jdou videt
2022-03-02 23:37:04.652744 : content jdou videt
2022-03-02 23:37:04.660742 : content jdou videt
2022-03-02 23:37:04.669739 : content jdou videt
2022-03-02 23:37:04.677736 : content jdou videt
2022-03-02 23:37:04.685694 : content jdou videt
2022-03-02 23:37:04.693692 : content jdou videt
2022-03-02 23:37:04.702689 : content jdou videt
2022-03-02 23:37:04.710686 : content jdou videt
2022-03-02 23:37:04.719684 : content jdou videt
2022-03-02 23:37:04.727681 : content jdou videt
2022-03-02 23:37:04.736679 : content jdou videt
2022-03-02 23:37:04.744676 : content jdou videt
2022-03-02 23:37:04.757672 : content jdou videt
2022-03-02 23:37:04.767669 : content jdou videt
2022-03-02 23:37:04.775666 : content jdou videt
2022-03-02 23:37:04.784663 : content jdou videt
2022-03-02 23:37:04.795660 : content jdou videt
2022-03-02 23:37:04.807656 : content jdou videt
2022-03-02 23:37:04.818653 : content jdou videt
2022-03-02 23:37:04.830648 : content jdou videt
2022-03-02 23:37:04.843645 : content jdou videt
2022-03-02 23:37:04.853641 : content jdou videt
2022-03-02 23:37:04.867636 : content jdou videt
2022-03-02 23:37:04.876634 : content jdou videt
2022-03-02 23:37:04.887630 : content jdou videt
2022-03-02 23:37:04.900626 : content jdou videt
</pre>
                            <pre style="color: red;"></pre>
                        </div>
                        <!--css div popup end-->
                    </div>
                </td>
            </tr>
            
        
        <tr class='errorClass' style="font-weight:bold;color:white;">
            <td><a href="javascript:showClassDetail('c2','1')">Detail_D.TestDetailHotelu_D</a></td>
            <td>1</td>
            <td>0</td>
            <td>0</td>
            <td>1</td>
            <td>
                <button><a href="javascript:showClassDetail('c2','1')"
                           style="color:#660066;">Detail</a></button>
            </td>
        </tr>
            
            <tr id="ft2.1" class='none'>
                <td class='errorCase'>
                    <div class='testcase'>
                        <a class="popup_link" onfocus='this.blur();'
                           href="javascript:showTestDetail('div_ft2.1')">test_detail_D</a>
                    </div>
                </td>
                <td colspan='5' align='center'>
                    <div>
                        <!--css div popup start-->
                        <button>
                            <a class="popup_link" onfocus='this.blur();'
                               href="javascript:showTestDetail('div_ft2.1')" style="color:#660066;">
                                ERROR
                            </a></button>
                        <div id='div_ft2.1' class="popup_window">
                            <div style='text-align: right; color:red;cursor:pointer'>
                                <a onfocus='this.blur();'
                                   onclick="document.getElementById('div_ft2.1').style.display = 'none'; "
                                   style="color:red;">
                                    [x]</a>
                            </div>
                            <pre>2022-03-02 23:37:07.105417 : 
                             
                             
2022-03-02 23:37:07.105417 : ====== WebDriver manager ======
                             
2022-03-02 23:37:07.126410 : Current google-chrome version is 98.0.4758
                             
2022-03-02 23:37:07.126410 : Get LATEST chromedriver version for 98.0.4758 google-chrome
                             
2022-03-02 23:37:07.183609 : Driver [C:\Users\KDK\.wdm\drivers\chromedriver\win32\98.0.4758.102\chromedriver.exe] found in cache
                             
</pre>
                            <pre style="color: red;">Traceback (most recent call last):
  File "C:\Users\KDK\Desktop\EW_Automation_Local_Deploy_PyCharm\Detail_D.py", line 40, in test_detail_D
    assert detailFotka.is_displayed() == True
UnboundLocalError: local variable 'detailFotka' referenced before assignment
</pre>
                        </div>
                        <!--css div popup end-->
                    </div>
                </td>
            </tr>
            
        
        <tr class='errorClass' style="font-weight:bold;color:white;">
            <td><a href="javascript:showClassDetail('c3','3')">Detail_C.TestDetailHotelu_C</a></td>
            <td>3</td>
            <td>1</td>
            <td>0</td>
            <td>2</td>
            <td>
                <button><a href="javascript:showClassDetail('c3','3')"
                           style="color:#660066;">Detail</a></button>
            </td>
        </tr>
            
            <tr id="ft3.1" class='none'>
                <td class='errorCase'>
                    <div class='testcase'>
                        <a class="popup_link" onfocus='this.blur();'
                           href="javascript:showTestDetail('div_ft3.1')">test_detail_fotka</a>
                    </div>
                </td>
                <td colspan='5' align='center'>
                    <div>
                        <!--css div popup start-->
                        <button>
                            <a class="popup_link" onfocus='this.blur();'
                               href="javascript:showTestDetail('div_ft3.1')" style="color:#660066;">
                                ERROR
                            </a></button>
                        <div id='div_ft3.1' class="popup_window">
                            <div style='text-align: right; color:red;cursor:pointer'>
                                <a onfocus='this.blur();'
                                   onclick="document.getElementById('div_ft3.1').style.display = 'none'; "
                                   style="color:red;">
                                    [x]</a>
                            </div>
                            <pre>2022-03-02 23:37:20.214272 : 
                             
                             
2022-03-02 23:37:20.214272 : ====== WebDriver manager ======
                             
2022-03-02 23:37:20.234266 : Current google-chrome version is 98.0.4758
                             
2022-03-02 23:37:20.234266 : Get LATEST chromedriver version for 98.0.4758 google-chrome
                             
2022-03-02 23:37:20.291248 : Driver [C:\Users\KDK\.wdm\drivers\chromedriver\win32\98.0.4758.102\chromedriver.exe] found in cache
                             
2022-03-02 23:37:27.192097 : nenasle se exponea banner
</pre>
                            <pre style="color: red;">Traceback (most recent call last):
  File "C:\Users\KDK\Desktop\EW_Automation_Local_Deploy_PyCharm\Detail_C.py", line 36, in test_detail_fotka
    imageDetail = self.driver.find_element_by_xpath("//*[@id='gallery01Trigger']//img")
  File "C:\Users\KDK\anaconda3\lib\site-packages\selenium\webdriver\remote\webdriver.py", line 394, in find_element_by_xpath
    return self.find_element(by=By.XPATH, value=xpath)
  File "C:\Users\KDK\anaconda3\lib\site-packages\selenium\webdriver\remote\webdriver.py", line 976, in find_element
    return self.execute(Command.FIND_ELEMENT, {
  File "C:\Users\KDK\anaconda3\lib\site-packages\selenium\webdriver\remote\webdriver.py", line 321, in execute
    self.error_handler.check_response(response)
  File "C:\Users\KDK\anaconda3\lib\site-packages\selenium\webdriver\remote\errorhandler.py", line 242, in check_response
    raise exception_class(message, screen, stacktrace)
selenium.common.exceptions.NoSuchElementException: Message: no such element: Unable to locate element: {"method":"xpath","selector":"//*[@id='gallery01Trigger']//img"}
  (Session info: chrome=98.0.4758.102)

</pre>
                        </div>
                        <!--css div popup end-->
                    </div>
                </td>
            </tr>
            
            <tr id="ft3.2" class='none'>
                <td class='errorCase'>
                    <div class='testcase'>
                        <a class="popup_link" onfocus='this.blur();'
                           href="javascript:showTestDetail('div_ft3.2')">test_detail_terminy_filtr_meal</a>
                    </div>
                </td>
                <td colspan='5' align='center'>
                    <div>
                        <!--css div popup start-->
                        <button>
                            <a class="popup_link" onfocus='this.blur();'
                               href="javascript:showTestDetail('div_ft3.2')" style="color:#660066;">
                                ERROR
                            </a></button>
                        <div id='div_ft3.2' class="popup_window">
                            <div style='text-align: right; color:red;cursor:pointer'>
                                <a onfocus='this.blur();'
                                   onclick="document.getElementById('div_ft3.2').style.display = 'none'; "
                                   style="color:red;">
                                    [x]</a>
                            </div>
                            <pre>2022-03-02 23:37:29.468878 : 
                             
                             
2022-03-02 23:37:29.468878 : ====== WebDriver manager ======
                             
2022-03-02 23:37:29.490871 : Current google-chrome version is 98.0.4758
                             
2022-03-02 23:37:29.490871 : Get LATEST chromedriver version for 98.0.4758 google-chrome
                             
2022-03-02 23:37:29.547910 : Driver [C:\Users\KDK\.wdm\drivers\chromedriver\win32\98.0.4758.102\chromedriver.exe] found in cache
                             
2022-03-02 23:37:36.492997 : nenasle se exponea banner
</pre>
                            <pre style="color: red;">Traceback (most recent call last):
  File "C:\Users\KDK\Desktop\EW_Automation_Local_Deploy_PyCharm\Detail_C.py", line 138, in test_detail_terminy_filtr_meal
    zvolenaStravaVboxu = self.driver.find_element_by_xpath("//*[@class='js-subvalue f_text--highlighted']")
  File "C:\Users\KDK\anaconda3\lib\site-packages\selenium\webdriver\remote\webdriver.py", line 394, in find_element_by_xpath
    return self.find_element(by=By.XPATH, value=xpath)
  File "C:\Users\KDK\anaconda3\lib\site-packages\selenium\webdriver\remote\webdriver.py", line 976, in find_element
    return self.execute(Command.FIND_ELEMENT, {
  File "C:\Users\KDK\anaconda3\lib\site-packages\selenium\webdriver\remote\webdriver.py", line 321, in execute
    self.error_handler.check_response(response)
  File "C:\Users\KDK\anaconda3\lib\site-packages\selenium\webdriver\remote\errorhandler.py", line 242, in check_response
    raise exception_class(message, screen, stacktrace)
selenium.common.exceptions.NoSuchElementException: Message: no such element: Unable to locate element: {"method":"xpath","selector":"//*[@class='js-subvalue f_text--highlighted']"}
  (Session info: chrome=98.0.4758.102)

</pre>
                        </div>
                        <!--css div popup end-->
                    </div>
                </td>
            </tr>
            
            <tr id="pt3.3" class='hiddenRow'>
                <td class='passCase'>
                    <div class='testcase'>
                        <a class="popup_link" onfocus='this.blur();'
                           href="javascript:showTestDetail('div_pt3.3')">test_detail_terminy_filtr_airport</a>
                    </div>
                </td>
                <td colspan='5' align='center'>
                    <div>
                        <!--css div popup start-->
                        <button>
                            <a class="popup_link" onfocus='this.blur();'
                               href="javascript:showTestDetail('div_pt3.3')" style="color:#660066;">
                                PASS
                            </a></button>
                        <div id='div_pt3.3' class="popup_window">
                            <div style='text-align: right; color:red;cursor:pointer'>
                                <a onfocus='this.blur();'
                                   onclick="document.getElementById('div_pt3.3').style.display = 'none'; "
                                   style="color:red;">
                                    [x]</a>
                            </div>
                            <pre>2022-03-02 23:37:40.570724 : 
                             
                             
2022-03-02 23:37:40.570724 : ====== WebDriver manager ======
                             
2022-03-02 23:37:40.592716 : Current google-chrome version is 98.0.4758
                             
2022-03-02 23:37:40.592716 : Get LATEST chromedriver version for 98.0.4758 google-chrome
                             
2022-03-02 23:37:40.650207 : Driver [C:\Users\KDK\.wdm\drivers\chromedriver\win32\98.0.4758.102\chromedriver.exe] found in cache
                             
2022-03-02 23:37:47.603453 : nenasle se exponea banner
</pre>
                            <pre style="color: red;"></pre>
                        </div>
                        <!--css div popup end-->
                    </div>
                </td>
            </tr>
            
        
        <tr class='passClass' style="font-weight:bold;color:white;">
            <td><a href="javascript:showClassDetail('c4','1')">DetskeKluby_D.TestDetskeKluby_D</a></td>
            <td>1</td>
            <td>1</td>
            <td>0</td>
            <td>0</td>
            <td>
                <button><a href="javascript:showClassDetail('c4','1')"
                           style="color:#660066;">Detail</a></button>
            </td>
        </tr>
            
            <tr id="pt4.1" class='hiddenRow'>
                <td class='passCase'>
                    <div class='testcase'>
                        <a class="popup_link" onfocus='this.blur();'
                           href="javascript:showTestDetail('div_pt4.1')">test_kluby_D</a>
                    </div>
                </td>
                <td colspan='5' align='center'>
                    <div>
                        <!--css div popup start-->
                        <button>
                            <a class="popup_link" onfocus='this.blur();'
                               href="javascript:showTestDetail('div_pt4.1')" style="color:#660066;">
                                PASS
                            </a></button>
                        <div id='div_pt4.1' class="popup_window">
                            <div style='text-align: right; color:red;cursor:pointer'>
                                <a onfocus='this.blur();'
                                   onclick="document.getElementById('div_pt4.1').style.display = 'none'; "
                                   style="color:red;">
                                    [x]</a>
                            </div>
                            <pre>2022-03-02 23:37:53.900096 : 
                             
                             
2022-03-02 23:37:53.900096 : ====== WebDriver manager ======
                             
2022-03-02 23:37:53.920077 : Current google-chrome version is 98.0.4758
                             
2022-03-02 23:37:53.920077 : Get LATEST chromedriver version for 98.0.4758 google-chrome
                             
2022-03-02 23:37:53.974802 : Driver [C:\Users\KDK\.wdm\drivers\chromedriver\win32\98.0.4758.102\chromedriver.exe] found in cache
                             
2022-03-02 23:37:58.816358 : grind container
2022-03-02 23:37:58.830354 : grind container
2022-03-02 23:37:58.840352 : grind container
</pre>
                            <pre style="color: red;"></pre>
                        </div>
                        <!--css div popup end-->
                    </div>
                </td>
            </tr>
            
        
        <tr class='errorClass' style="font-weight:bold;color:white;">
            <td><a href="javascript:showClassDetail('c5','1')">dovolena_D.TestDovolena_D</a></td>
            <td>1</td>
            <td>0</td>
            <td>0</td>
            <td>1</td>
            <td>
                <button><a href="javascript:showClassDetail('c5','1')"
                           style="color:#660066;">Detail</a></button>
            </td>
        </tr>
            
            <tr id="ft5.1" class='none'>
                <td class='errorCase'>
                    <div class='testcase'>
                        <a class="popup_link" onfocus='this.blur();'
                           href="javascript:showTestDetail('div_ft5.1')">test_dovolena_D</a>
                    </div>
                </td>
                <td colspan='5' align='center'>
                    <div>
                        <!--css div popup start-->
                        <button>
                            <a class="popup_link" onfocus='this.blur();'
                               href="javascript:showTestDetail('div_ft5.1')" style="color:#660066;">
                                ERROR
                            </a></button>
                        <div id='div_ft5.1' class="popup_window">
                            <div style='text-align: right; color:red;cursor:pointer'>
                                <a onfocus='this.blur();'
                                   onclick="document.getElementById('div_ft5.1').style.display = 'none'; "
                                   style="color:red;">
                                    [x]</a>
                            </div>
                            <pre>2022-03-02 23:38:01.271390 : 
                             
                             
2022-03-02 23:38:01.271390 : ====== WebDriver manager ======
                             
2022-03-02 23:38:01.292383 : Current google-chrome version is 98.0.4758
                             
2022-03-02 23:38:01.292383 : Get LATEST chromedriver version for 98.0.4758 google-chrome
                             
2022-03-02 23:38:01.353363 : Driver [C:\Users\KDK\.wdm\drivers\chromedriver\win32\98.0.4758.102\chromedriver.exe] found in cache
                             
</pre>
                            <pre style="color: red;">Traceback (most recent call last):
  File "C:\Users\KDK\Desktop\EW_Automation_Local_Deploy_PyCharm\dovolena_D.py", line 27, in test_dovolena_D
    dovolena_menu_item_anchor = self.driver.find_element_by_xpath('//a[@href="/Dovolena"]')
  File "C:\Users\KDK\anaconda3\lib\site-packages\selenium\webdriver\remote\webdriver.py", line 394, in find_element_by_xpath
    return self.find_element(by=By.XPATH, value=xpath)
  File "C:\Users\KDK\anaconda3\lib\site-packages\selenium\webdriver\remote\webdriver.py", line 976, in find_element
    return self.execute(Command.FIND_ELEMENT, {
  File "C:\Users\KDK\anaconda3\lib\site-packages\selenium\webdriver\remote\webdriver.py", line 321, in execute
    self.error_handler.check_response(response)
  File "C:\Users\KDK\anaconda3\lib\site-packages\selenium\webdriver\remote\errorhandler.py", line 242, in check_response
    raise exception_class(message, screen, stacktrace)
selenium.common.exceptions.NoSuchElementException: Message: no such element: Unable to locate element: {"method":"xpath","selector":"//a[@href="/Dovolena"]"}
  (Session info: chrome=98.0.4758.102)

</pre>
                        </div>
                        <!--css div popup end-->
                    </div>
                </td>
            </tr>
            
        
        <tr class='passClass' style="font-weight:bold;color:white;">
            <td><a href="javascript:showClassDetail('c6','1')">FM_D.TestFMexotika_D</a></td>
            <td>1</td>
            <td>1</td>
            <td>0</td>
            <td>0</td>
            <td>
                <button><a href="javascript:showClassDetail('c6','1')"
                           style="color:#660066;">Detail</a></button>
            </td>
        </tr>
            
            <tr id="pt6.1" class='hiddenRow'>
                <td class='passCase'>
                    <div class='testcase'>
                        <a class="popup_link" onfocus='this.blur();'
                           href="javascript:showTestDetail('div_pt6.1')">test_FM_exotika_D</a>
                    </div>
                </td>
                <td colspan='5' align='center'>
                    <div>
                        <!--css div popup start-->
                        <button>
                            <a class="popup_link" onfocus='this.blur();'
                               href="javascript:showTestDetail('div_pt6.1')" style="color:#660066;">
                                PASS
                            </a></button>
                        <div id='div_pt6.1' class="popup_window">
                            <div style='text-align: right; color:red;cursor:pointer'>
                                <a onfocus='this.blur();'
                                   onclick="document.getElementById('div_pt6.1').style.display = 'none'; "
                                   style="color:red;">
                                    [x]</a>
                            </div>
                            <pre>2022-03-02 23:38:12.957874 : 
                             
                             
2022-03-02 23:38:12.957874 : ====== WebDriver manager ======
                             
2022-03-02 23:38:13.014855 : Current google-chrome version is 98.0.4758
                             
2022-03-02 23:38:13.014855 : Get LATEST chromedriver version for 98.0.4758 google-chrome
                             
2022-03-02 23:38:13.076835 : Driver [C:\Users\KDK\.wdm\drivers\chromedriver\win32\98.0.4758.102\chromedriver.exe] found in cache
                             
</pre>
                            <pre style="color: red;"></pre>
                        </div>
                        <!--css div popup end-->
                    </div>
                </td>
            </tr>
            
        
        <tr class='errorClass' style="font-weight:bold;color:white;">
            <td><a href="javascript:showClassDetail('c7','2')">fulltext_C.Test_Fulltext_C</a></td>
            <td>2</td>
            <td>0</td>
            <td>0</td>
            <td>2</td>
            <td>
                <button><a href="javascript:showClassDetail('c7','2')"
                           style="color:#660066;">Detail</a></button>
            </td>
        </tr>
            
            <tr id="ft7.1" class='none'>
                <td class='errorCase'>
                    <div class='testcase'>
                        <a class="popup_link" onfocus='this.blur();'
                           href="javascript:showTestDetail('div_ft7.1')">test_fulltext_naseptavac</a>
                    </div>
                </td>
                <td colspan='5' align='center'>
                    <div>
                        <!--css div popup start-->
                        <button>
                            <a class="popup_link" onfocus='this.blur();'
                               href="javascript:showTestDetail('div_ft7.1')" style="color:#660066;">
                                ERROR
                            </a></button>
                        <div id='div_ft7.1' class="popup_window">
                            <div style='text-align: right; color:red;cursor:pointer'>
                                <a onfocus='this.blur();'
                                   onclick="document.getElementById('div_ft7.1').style.display = 'none'; "
                                   style="color:red;">
                                    [x]</a>
                            </div>
                            <pre>2022-03-02 23:38:26.224442 : 
                             
                             
2022-03-02 23:38:26.224442 : ====== WebDriver manager ======
                             
2022-03-02 23:38:26.281933 : Current google-chrome version is 98.0.4758
                             
2022-03-02 23:38:26.282933 : Get LATEST chromedriver version for 98.0.4758 google-chrome
                             
2022-03-02 23:38:26.358888 : Driver [C:\Users\KDK\.wdm\drivers\chromedriver\win32\98.0.4758.102\chromedriver.exe] found in cache
                             
2022-03-02 23:38:34.894531 : ZANZIBAR
2022-03-02 23:38:41.855470 : ØECKO
</pre>
                            <pre style="color: red;">Traceback (most recent call last):
  File "C:\Users\KDK\Desktop\EW_Automation_Local_Deploy_PyCharm\fulltext_C.py", line 56, in test_fulltext_naseptavac
    hotelDlazdice.click()
  File "C:\Users\KDK\anaconda3\lib\site-packages\selenium\webdriver\remote\webelement.py", line 80, in click
    self._execute(Command.CLICK_ELEMENT)
  File "C:\Users\KDK\anaconda3\lib\site-packages\selenium\webdriver\remote\webelement.py", line 633, in _execute
    return self._parent.execute(command, params)
  File "C:\Users\KDK\anaconda3\lib\site-packages\selenium\webdriver\remote\webdriver.py", line 321, in execute
    self.error_handler.check_response(response)
  File "C:\Users\KDK\anaconda3\lib\site-packages\selenium\webdriver\remote\errorhandler.py", line 242, in check_response
    raise exception_class(message, screen, stacktrace)
selenium.common.exceptions.ElementClickInterceptedException: Message: element click intercepted: Element is not clickable at point (552, 1714)
  (Session info: chrome=98.0.4758.102)

</pre>
                        </div>
                        <!--css div popup end-->
                    </div>
                </td>
            </tr>
            
            <tr id="ft7.2" class='none'>
                <td class='errorCase'>
                    <div class='testcase'>
                        <a class="popup_link" onfocus='this.blur();'
                           href="javascript:showTestDetail('div_ft7.2')">test_fulltext_results_status_check</a>
                    </div>
                </td>
                <td colspan='5' align='center'>
                    <div>
                        <!--css div popup start-->
                        <button>
                            <a class="popup_link" onfocus='this.blur();'
                               href="javascript:showTestDetail('div_ft7.2')" style="color:#660066;">
                                ERROR
                            </a></button>
                        <div id='div_ft7.2' class="popup_window">
                            <div style='text-align: right; color:red;cursor:pointer'>
                                <a onfocus='this.blur();'
                                   onclick="document.getElementById('div_ft7.2').style.display = 'none'; "
                                   style="color:red;">
                                    [x]</a>
                            </div>
                            <pre>2022-03-02 23:38:45.371141 : 
                             
                             
2022-03-02 23:38:45.371141 : ====== WebDriver manager ======
                             
2022-03-02 23:38:45.416127 : Current google-chrome version is 98.0.4758
                             
2022-03-02 23:38:45.416127 : Get LATEST chromedriver version for 98.0.4758 google-chrome
                             
2022-03-02 23:38:45.479111 : Driver [C:\Users\KDK\.wdm\drivers\chromedriver\win32\98.0.4758.102\chromedriver.exe] found in cache
                             
2022-03-02 23:38:51.724797 : ZANZIBAR
2022-03-02 23:38:54.555994 : ØECKO
2022-03-02 23:38:59.225892 : TURECKO
2022-03-02 23:39:03.200372 : EGYPT
2022-03-02 23:39:07.142207 : KAPVERDY
2022-03-02 23:39:10.319424 : OMAN
2022-03-02 23:39:13.058846 : MALEDIVY
2022-03-02 23:39:17.125788 : DUBAJ
2022-03-02 23:39:19.142466 : MALLORCA
2022-03-02 23:39:21.844848 : BULHARSKO
2022-03-02 23:39:24.712481 : CHORVATSKO
2022-03-02 23:39:30.268350 : KEFALONIA
2022-03-02 23:39:34.335222 : ATTIKA
2022-03-02 23:39:39.109057 : POJIŠTÌNÍ
2022-03-02 23:39:39.778843 : PARKOVÁNÍ
2022-03-02 23:39:41.103191 : COVID
2022-03-02 23:39:41.965915 : FUNTAZIE
2022-03-02 23:39:44.425873 : MIRAGE BAY
2022-03-02 23:39:47.107129 : MITSIS
2022-03-02 23:39:49.722772 : PRIMA LIFE
2022-03-02 23:39:51.805287 : PRIMA LIFE MAKADI
2022-03-02 23:39:54.438378 : PEGASOS
2022-03-02 23:39:55.214064 : PICKALBATROS
2022-03-02 23:39:57.791283 : TITANIC
2022-03-02 23:39:59.565546 : MIRAGE
2022-03-02 23:40:01.819460 : DOMES AULÜS
2022-03-02 23:40:04.499080 : BAY & MARE
2022-03-02 23:40:06.312349 : A FOR ART
2022-03-02 23:40:08.562282 : PORTO SKALA 7
2022-03-02 23:40:11.535697 : COSTA AZZURRA
</pre>
                            <pre style="color: red;">Traceback (most recent call last):
  File "C:\Users\KDK\Desktop\EW_Automation_Local_Deploy_PyCharm\fulltext_C.py", line 97, in test_fulltext_results_status_check
    vysledkyTextItemsSingle = driver.find_element_by_xpath("//*[@class='f_fulltextResults-item']/a")
  File "C:\Users\KDK\anaconda3\lib\site-packages\selenium\webdriver\remote\webdriver.py", line 394, in find_element_by_xpath
    return self.find_element(by=By.XPATH, value=xpath)
  File "C:\Users\KDK\anaconda3\lib\site-packages\selenium\webdriver\remote\webdriver.py", line 976, in find_element
    return self.execute(Command.FIND_ELEMENT, {
  File "C:\Users\KDK\anaconda3\lib\site-packages\selenium\webdriver\remote\webdriver.py", line 321, in execute
    self.error_handler.check_response(response)
  File "C:\Users\KDK\anaconda3\lib\site-packages\selenium\webdriver\remote\errorhandler.py", line 242, in check_response
    raise exception_class(message, screen, stacktrace)
selenium.common.exceptions.NoSuchElementException: Message: no such element: Unable to locate element: {"method":"xpath","selector":"//*[@class='f_fulltextResults-item']/a"}
  (Session info: chrome=98.0.4758.102)

</pre>
                        </div>
                        <!--css div popup end-->
                    </div>
                </td>
            </tr>
            
        
        <tr class='passClass' style="font-weight:bold;color:white;">
            <td><a href="javascript:showClassDetail('c8','1')">groupsearch_D.Test_Groupsearch_D</a></td>
            <td>1</td>
            <td>1</td>
            <td>0</td>
            <td>0</td>
            <td>
                <button><a href="javascript:showClassDetail('c8','1')"
                           style="color:#660066;">Detail</a></button>
            </td>
        </tr>
            
            <tr id="pt8.1" class='hiddenRow'>
                <td class='passCase'>
                    <div class='testcase'>
                        <a class="popup_link" onfocus='this.blur();'
                           href="javascript:showTestDetail('div_pt8.1')">test_groupsearch_D</a>
                    </div>
                </td>
                <td colspan='5' align='center'>
                    <div>
                        <!--css div popup start-->
                        <button>
                            <a class="popup_link" onfocus='this.blur();'
                               href="javascript:showTestDetail('div_pt8.1')" style="color:#660066;">
                                PASS
                            </a></button>
                        <div id='div_pt8.1' class="popup_window">
                            <div style='text-align: right; color:red;cursor:pointer'>
                                <a onfocus='this.blur();'
                                   onclick="document.getElementById('div_pt8.1').style.display = 'none'; "
                                   style="color:red;">
                                    [x]</a>
                            </div>
                            <pre>2022-03-02 23:40:13.770270 : 
                             
                             
2022-03-02 23:40:13.770270 : ====== WebDriver manager ======
                             
2022-03-02 23:40:13.821269 : Current google-chrome version is 98.0.4758
                             
2022-03-02 23:40:13.821269 : Get LATEST chromedriver version for 98.0.4758 google-chrome
                             
2022-03-02 23:40:13.912625 : Driver [C:\Users\KDK\.wdm\drivers\chromedriver\win32\98.0.4758.102\chromedriver.exe] found in cache
                             
</pre>
                            <pre style="color: red;"></pre>
                        </div>
                        <!--css div popup end-->
                    </div>
                </td>
            </tr>
            
        
        <tr class='passClass' style="font-weight:bold;color:white;">
            <td><a href="javascript:showClassDetail('c9','1')">HP_FAQ_D.TestHP_D</a></td>
            <td>1</td>
            <td>1</td>
            <td>0</td>
            <td>0</td>
            <td>
                <button><a href="javascript:showClassDetail('c9','1')"
                           style="color:#660066;">Detail</a></button>
            </td>
        </tr>
            
            <tr id="pt9.1" class='hiddenRow'>
                <td class='passCase'>
                    <div class='testcase'>
                        <a class="popup_link" onfocus='this.blur();'
                           href="javascript:showTestDetail('div_pt9.1')">test_homePage_D</a>
                    </div>
                </td>
                <td colspan='5' align='center'>
                    <div>
                        <!--css div popup start-->
                        <button>
                            <a class="popup_link" onfocus='this.blur();'
                               href="javascript:showTestDetail('div_pt9.1')" style="color:#660066;">
                                PASS
                            </a></button>
                        <div id='div_pt9.1' class="popup_window">
                            <div style='text-align: right; color:red;cursor:pointer'>
                                <a onfocus='this.blur();'
                                   onclick="document.getElementById('div_pt9.1').style.display = 'none'; "
                                   style="color:red;">
                                    [x]</a>
                            </div>
                            <pre>2022-03-02 23:40:22.834756 : 
                             
                             
2022-03-02 23:40:22.834756 : ====== WebDriver manager ======
                             
2022-03-02 23:40:22.878739 : Current google-chrome version is 98.0.4758
                             
2022-03-02 23:40:22.878739 : Get LATEST chromedriver version for 98.0.4758 google-chrome
                             
2022-03-02 23:40:22.937721 : Driver [C:\Users\KDK\.wdm\drivers\chromedriver\win32\98.0.4758.102\chromedriver.exe] found in cache
                             
</pre>
                            <pre style="color: red;"></pre>
                        </div>
                        <!--css div popup end-->
                    </div>
                </td>
            </tr>
            
        
        <tr class='passClass' style="font-weight:bold;color:white;">
            <td><a href="javascript:showClassDetail('c10','1')">LM_D.TestLM_D</a></td>
            <td>1</td>
            <td>1</td>
            <td>0</td>
            <td>0</td>
            <td>
                <button><a href="javascript:showClassDetail('c10','1')"
                           style="color:#660066;">Detail</a></button>
            </td>
        </tr>
            
            <tr id="pt10.1" class='hiddenRow'>
                <td class='passCase'>
                    <div class='testcase'>
                        <a class="popup_link" onfocus='this.blur();'
                           href="javascript:showTestDetail('div_pt10.1')">test_lM_isDisplayed</a>
                    </div>
                </td>
                <td colspan='5' align='center'>
                    <div>
                        <!--css div popup start-->
                        <button>
                            <a class="popup_link" onfocus='this.blur();'
                               href="javascript:showTestDetail('div_pt10.1')" style="color:#660066;">
                                PASS
                            </a></button>
                        <div id='div_pt10.1' class="popup_window">
                            <div style='text-align: right; color:red;cursor:pointer'>
                                <a onfocus='this.blur();'
                                   onclick="document.getElementById('div_pt10.1').style.display = 'none'; "
                                   style="color:red;">
                                    [x]</a>
                            </div>
                            <pre>2022-03-02 23:40:39.442698 : 
                             
                             
2022-03-02 23:40:39.442698 : ====== WebDriver manager ======
                             
2022-03-02 23:40:39.489679 : Current google-chrome version is 98.0.4758
                             
2022-03-02 23:40:39.489679 : Get LATEST chromedriver version for 98.0.4758 google-chrome
                             
2022-03-02 23:40:39.548783 : Driver [C:\Users\KDK\.wdm\drivers\chromedriver\win32\98.0.4758.102\chromedriver.exe] found in cache
                             
</pre>
                            <pre style="color: red;"></pre>
                        </div>
                        <!--css div popup end-->
                    </div>
                </td>
            </tr>
            
        
        <tr class='errorClass' style="font-weight:bold;color:white;">
            <td><a href="javascript:showClassDetail('c11','1')">pobocky.TestPobocky_D</a></td>
            <td>1</td>
            <td>0</td>
            <td>0</td>
            <td>1</td>
            <td>
                <button><a href="javascript:showClassDetail('c11','1')"
                           style="color:#660066;">Detail</a></button>
            </td>
        </tr>
            
            <tr id="ft11.1" class='none'>
                <td class='errorCase'>
                    <div class='testcase'>
                        <a class="popup_link" onfocus='this.blur();'
                           href="javascript:showTestDetail('div_ft11.1')">test_pobocky_D</a>
                    </div>
                </td>
                <td colspan='5' align='center'>
                    <div>
                        <!--css div popup start-->
                        <button>
                            <a class="popup_link" onfocus='this.blur();'
                               href="javascript:showTestDetail('div_ft11.1')" style="color:#660066;">
                                ERROR
                            </a></button>
                        <div id='div_ft11.1' class="popup_window">
                            <div style='text-align: right; color:red;cursor:pointer'>
                                <a onfocus='this.blur();'
                                   onclick="document.getElementById('div_ft11.1').style.display = 'none'; "
                                   style="color:red;">
                                    [x]</a>
                            </div>
                            <pre>2022-03-02 23:40:52.594403 : 
                             
                             
2022-03-02 23:40:52.594403 : ====== WebDriver manager ======
                             
2022-03-02 23:40:52.614397 : Current google-chrome version is 98.0.4758
                             
2022-03-02 23:40:52.614397 : Get LATEST chromedriver version for 98.0.4758 google-chrome
                             
2022-03-02 23:40:52.671378 : Driver [C:\Users\KDK\.wdm\drivers\chromedriver\win32\98.0.4758.102\chromedriver.exe] found in cache
                             
</pre>
                            <pre style="color: red;">Traceback (most recent call last):
  File "C:\Users\KDK\Desktop\EW_Automation_Local_Deploy_PyCharm\pobocky.py", line 20, in test_pobocky_D
    mapa = self.driver.find_element_by_xpath("//*[@class='leaflet-pane leaflet-tile-pane']")    ## jen jeden element, no need to call find_elementS
  File "C:\Users\KDK\anaconda3\lib\site-packages\selenium\webdriver\remote\webdriver.py", line 394, in find_element_by_xpath
    return self.find_element(by=By.XPATH, value=xpath)
  File "C:\Users\KDK\anaconda3\lib\site-packages\selenium\webdriver\remote\webdriver.py", line 976, in find_element
    return self.execute(Command.FIND_ELEMENT, {
  File "C:\Users\KDK\anaconda3\lib\site-packages\selenium\webdriver\remote\webdriver.py", line 321, in execute
    self.error_handler.check_response(response)
  File "C:\Users\KDK\anaconda3\lib\site-packages\selenium\webdriver\remote\errorhandler.py", line 242, in check_response
    raise exception_class(message, screen, stacktrace)
selenium.common.exceptions.NoSuchElementException: Message: no such element: Unable to locate element: {"method":"xpath","selector":"//*[@class='leaflet-pane leaflet-tile-pane']"}
  (Session info: chrome=98.0.4758.102)

</pre>
                        </div>
                        <!--css div popup end-->
                    </div>
                </td>
            </tr>
            
        
        <tr class='passClass' style="font-weight:bold;color:white;">
            <td><a href="javascript:showClassDetail('c12','4')">poznavacky.TestPoznavacky_D</a></td>
            <td>4</td>
            <td>4</td>
            <td>0</td>
            <td>0</td>
            <td>
                <button><a href="javascript:showClassDetail('c12','4')"
                           style="color:#660066;">Detail</a></button>
            </td>
        </tr>
            
            <tr id="pt12.1" class='hiddenRow'>
                <td class='passCase'>
                    <div class='testcase'>
                        <a class="popup_link" onfocus='this.blur();'
                           href="javascript:showTestDetail('div_pt12.1')">test_poznavacky_okruzni_D</a>
                    </div>
                </td>
                <td colspan='5' align='center'>
                    <div>
                        <!--css div popup start-->
                        <button>
                            <a class="popup_link" onfocus='this.blur();'
                               href="javascript:showTestDetail('div_pt12.1')" style="color:#660066;">
                                PASS
                            </a></button>
                        <div id='div_pt12.1' class="popup_window">
                            <div style='text-align: right; color:red;cursor:pointer'>
                                <a onfocus='this.blur();'
                                   onclick="document.getElementById('div_pt12.1').style.display = 'none'; "
                                   style="color:red;">
                                    [x]</a>
                            </div>
                            <pre>2022-03-02 23:41:01.880679 : 
                             
                             
2022-03-02 23:41:01.880679 : ====== WebDriver manager ======
                             
2022-03-02 23:41:01.920664 : Current google-chrome version is 98.0.4758
                             
2022-03-02 23:41:01.920664 : Get LATEST chromedriver version for 98.0.4758 google-chrome
                             
2022-03-02 23:41:01.988676 : Driver [C:\Users\KDK\.wdm\drivers\chromedriver\win32\98.0.4758.102\chromedriver.exe] found in cache
                             
2022-03-02 23:41:12.785163 : []
</pre>
                            <pre style="color: red;"></pre>
                        </div>
                        <!--css div popup end-->
                    </div>
                </td>
            </tr>
            
            <tr id="pt12.2" class='hiddenRow'>
                <td class='passCase'>
                    <div class='testcase'>
                        <a class="popup_link" onfocus='this.blur();'
                           href="javascript:showTestDetail('div_pt12.2')">test_poznavacky_vikendy_D</a>
                    </div>
                </td>
                <td colspan='5' align='center'>
                    <div>
                        <!--css div popup start-->
                        <button>
                            <a class="popup_link" onfocus='this.blur();'
                               href="javascript:showTestDetail('div_pt12.2')" style="color:#660066;">
                                PASS
                            </a></button>
                        <div id='div_pt12.2' class="popup_window">
                            <div style='text-align: right; color:red;cursor:pointer'>
                                <a onfocus='this.blur();'
                                   onclick="document.getElementById('div_pt12.2').style.display = 'none'; "
                                   style="color:red;">
                                    [x]</a>
                            </div>
                            <pre>2022-03-02 23:41:15.051537 : 
                             
                             
2022-03-02 23:41:15.052537 : ====== WebDriver manager ======
                             
2022-03-02 23:41:15.082527 : Current google-chrome version is 98.0.4758
                             
2022-03-02 23:41:15.082527 : Get LATEST chromedriver version for 98.0.4758 google-chrome
                             
2022-03-02 23:41:15.147508 : Driver [C:\Users\KDK\.wdm\drivers\chromedriver\win32\98.0.4758.102\chromedriver.exe] found in cache
                             
2022-03-02 23:41:25.843747 : []
</pre>
                            <pre style="color: red;"></pre>
                        </div>
                        <!--css div popup end-->
                    </div>
                </td>
            </tr>
            
            <tr id="pt12.3" class='hiddenRow'>
                <td class='passCase'>
                    <div class='testcase'>
                        <a class="popup_link" onfocus='this.blur();'
                           href="javascript:showTestDetail('div_pt12.3')">test_poznavacky_rodiny_D</a>
                    </div>
                </td>
                <td colspan='5' align='center'>
                    <div>
                        <!--css div popup start-->
                        <button>
                            <a class="popup_link" onfocus='this.blur();'
                               href="javascript:showTestDetail('div_pt12.3')" style="color:#660066;">
                                PASS
                            </a></button>
                        <div id='div_pt12.3' class="popup_window">
                            <div style='text-align: right; color:red;cursor:pointer'>
                                <a onfocus='this.blur();'
                                   onclick="document.getElementById('div_pt12.3').style.display = 'none'; "
                                   style="color:red;">
                                    [x]</a>
                            </div>
                            <pre>2022-03-02 23:41:28.101627 : 
                             
                             
2022-03-02 23:41:28.101627 : ====== WebDriver manager ======
                             
2022-03-02 23:41:28.148580 : Current google-chrome version is 98.0.4758
                             
2022-03-02 23:41:28.149580 : Get LATEST chromedriver version for 98.0.4758 google-chrome
                             
2022-03-02 23:41:28.212558 : Driver [C:\Users\KDK\.wdm\drivers\chromedriver\win32\98.0.4758.102\chromedriver.exe] found in cache
                             
2022-03-02 23:41:38.843579 : []
</pre>
                            <pre style="color: red;"></pre>
                        </div>
                        <!--css div popup end-->
                    </div>
                </td>
            </tr>
            
            <tr id="pt12.4" class='hiddenRow'>
                <td class='passCase'>
                    <div class='testcase'>
                        <a class="popup_link" onfocus='this.blur();'
                           href="javascript:showTestDetail('div_pt12.4')">test_poznavacky_zazitky_D</a>
                    </div>
                </td>
                <td colspan='5' align='center'>
                    <div>
                        <!--css div popup start-->
                        <button>
                            <a class="popup_link" onfocus='this.blur();'
                               href="javascript:showTestDetail('div_pt12.4')" style="color:#660066;">
                                PASS
                            </a></button>
                        <div id='div_pt12.4' class="popup_window">
                            <div style='text-align: right; color:red;cursor:pointer'>
                                <a onfocus='this.blur();'
                                   onclick="document.getElementById('div_pt12.4').style.display = 'none'; "
                                   style="color:red;">
                                    [x]</a>
                            </div>
                            <pre>2022-03-02 23:41:41.181214 : 
                             
                             
2022-03-02 23:41:41.182208 : ====== WebDriver manager ======
                             
2022-03-02 23:41:41.205191 : Current google-chrome version is 98.0.4758
                             
2022-03-02 23:41:41.206190 : Get LATEST chromedriver version for 98.0.4758 google-chrome
                             
2022-03-02 23:41:41.271398 : Driver [C:\Users\KDK\.wdm\drivers\chromedriver\win32\98.0.4758.102\chromedriver.exe] found in cache
                             
2022-03-02 23:41:52.491911 : []
</pre>
                            <pre style="color: red;"></pre>
                        </div>
                        <!--css div popup end-->
                    </div>
                </td>
            </tr>
            
        
        <tr class='passClass' style="font-weight:bold;color:white;">
            <td><a href="javascript:showClassDetail('c13','1')">SDO_D.TestSDO_D</a></td>
            <td>1</td>
            <td>1</td>
            <td>0</td>
            <td>0</td>
            <td>
                <button><a href="javascript:showClassDetail('c13','1')"
                           style="color:#660066;">Detail</a></button>
            </td>
        </tr>
            
            <tr id="pt13.1" class='hiddenRow'>
                <td class='passCase'>
                    <div class='testcase'>
                        <a class="popup_link" onfocus='this.blur();'
                           href="javascript:showTestDetail('div_pt13.1')">test_SDO_D</a>
                    </div>
                </td>
                <td colspan='5' align='center'>
                    <div>
                        <!--css div popup start-->
                        <button>
                            <a class="popup_link" onfocus='this.blur();'
                               href="javascript:showTestDetail('div_pt13.1')" style="color:#660066;">
                                PASS
                            </a></button>
                        <div id='div_pt13.1' class="popup_window">
                            <div style='text-align: right; color:red;cursor:pointer'>
                                <a onfocus='this.blur();'
                                   onclick="document.getElementById('div_pt13.1').style.display = 'none'; "
                                   style="color:red;">
                                    [x]</a>
                            </div>
                            <pre>2022-03-02 23:41:54.678680 : 
                             
                             
2022-03-02 23:41:54.678680 : ====== WebDriver manager ======
                             
2022-03-02 23:41:54.731632 : Current google-chrome version is 98.0.4758
                             
2022-03-02 23:41:54.731632 : Get LATEST chromedriver version for 98.0.4758 google-chrome
                             
2022-03-02 23:41:54.793611 : Driver [C:\Users\KDK\.wdm\drivers\chromedriver\win32\98.0.4758.102\chromedriver.exe] found in cache
                             
</pre>
                            <pre style="color: red;"></pre>
                        </div>
                        <!--css div popup end-->
                    </div>
                </td>
            </tr>
            
        
        <tr class='errorClass' style="font-weight:bold;color:white;">
            <td><a href="javascript:showClassDetail('c14','5')">SRL_C.Test_SRL_C</a></td>
            <td>5</td>
            <td>0</td>
            <td>0</td>
            <td>5</td>
            <td>
                <button><a href="javascript:showClassDetail('c14','5')"
                           style="color:#660066;">Detail</a></button>
            </td>
        </tr>
            
            <tr id="ft14.1" class='none'>
                <td class='errorCase'>
                    <div class='testcase'>
                        <a class="popup_link" onfocus='this.blur();'
                           href="javascript:showTestDetail('div_ft14.1')">test_SRL_sort_cheapest</a>
                    </div>
                </td>
                <td colspan='5' align='center'>
                    <div>
                        <!--css div popup start-->
                        <button>
                            <a class="popup_link" onfocus='this.blur();'
                               href="javascript:showTestDetail('div_ft14.1')" style="color:#660066;">
                                ERROR
                            </a></button>
                        <div id='div_ft14.1' class="popup_window">
                            <div style='text-align: right; color:red;cursor:pointer'>
                                <a onfocus='this.blur();'
                                   onclick="document.getElementById('div_ft14.1').style.display = 'none'; "
                                   style="color:red;">
                                    [x]</a>
                            </div>
                            <pre>2022-03-02 23:42:09.189809 : 
                             
                             
2022-03-02 23:42:09.189809 : ====== WebDriver manager ======
                             
2022-03-02 23:42:09.228775 : Current google-chrome version is 98.0.4758
                             
2022-03-02 23:42:09.228775 : Get LATEST chromedriver version for 98.0.4758 google-chrome
                             
2022-03-02 23:42:09.285757 : Driver [C:\Users\KDK\.wdm\drivers\chromedriver\win32\98.0.4758.102\chromedriver.exe] found in cache
                             
2022-03-02 23:42:21.060603 : nenasle se exponea banner
</pre>
                            <pre style="color: red;">Traceback (most recent call last):
  File "C:\Users\KDK\Desktop\EW_Automation_Local_Deploy_PyCharm\SRL_C.py", line 30, in test_SRL_sort_cheapest
    sortByCheapest = self.driver.find_element_by_xpath("//*[contains(text(), 'od nejlevnìjšího')]")
  File "C:\Users\KDK\anaconda3\lib\site-packages\selenium\webdriver\remote\webdriver.py", line 394, in find_element_by_xpath
    return self.find_element(by=By.XPATH, value=xpath)
  File "C:\Users\KDK\anaconda3\lib\site-packages\selenium\webdriver\remote\webdriver.py", line 976, in find_element
    return self.execute(Command.FIND_ELEMENT, {
  File "C:\Users\KDK\anaconda3\lib\site-packages\selenium\webdriver\remote\webdriver.py", line 321, in execute
    self.error_handler.check_response(response)
  File "C:\Users\KDK\anaconda3\lib\site-packages\selenium\webdriver\remote\errorhandler.py", line 242, in check_response
    raise exception_class(message, screen, stacktrace)
selenium.common.exceptions.NoSuchElementException: Message: no such element: Unable to locate element: {"method":"xpath","selector":"//*[contains(text(), 'od nejlevnìjšího')]"}
  (Session info: chrome=98.0.4758.102)

</pre>
                        </div>
                        <!--css div popup end-->
                    </div>
                </td>
            </tr>
            
            <tr id="ft14.2" class='none'>
                <td class='errorCase'>
                    <div class='testcase'>
                        <a class="popup_link" onfocus='this.blur();'
                           href="javascript:showTestDetail('div_ft14.2')">test_SRL_sort_expensive</a>
                    </div>
                </td>
                <td colspan='5' align='center'>
                    <div>
                        <!--css div popup start-->
                        <button>
                            <a class="popup_link" onfocus='this.blur();'
                               href="javascript:showTestDetail('div_ft14.2')" style="color:#660066;">
                                ERROR
                            </a></button>
                        <div id='div_ft14.2' class="popup_window">
                            <div style='text-align: right; color:red;cursor:pointer'>
                                <a onfocus='this.blur();'
                                   onclick="document.getElementById('div_ft14.2').style.display = 'none'; "
                                   style="color:red;">
                                    [x]</a>
                            </div>
                            <pre>2022-03-02 23:42:25.378269 : 
                             
                             
2022-03-02 23:42:25.378269 : ====== WebDriver manager ======
                             
2022-03-02 23:42:25.402277 : Current google-chrome version is 98.0.4758
                             
2022-03-02 23:42:25.402277 : Get LATEST chromedriver version for 98.0.4758 google-chrome
                             
2022-03-02 23:42:25.607700 : Driver [C:\Users\KDK\.wdm\drivers\chromedriver\win32\98.0.4758.102\chromedriver.exe] found in cache
                             
2022-03-02 23:42:37.714212 : nenasle se exponea banner
</pre>
                            <pre style="color: red;">Traceback (most recent call last):
  File "C:\Users\KDK\Desktop\EW_Automation_Local_Deploy_PyCharm\SRL_C.py", line 78, in test_SRL_sort_expensive
    sortByMostExpensive = driver.find_element_by_xpath("//*[contains(text(), 'od nejdražšího')]")
  File "C:\Users\KDK\anaconda3\lib\site-packages\selenium\webdriver\remote\webdriver.py", line 394, in find_element_by_xpath
    return self.find_element(by=By.XPATH, value=xpath)
  File "C:\Users\KDK\anaconda3\lib\site-packages\selenium\webdriver\remote\webdriver.py", line 976, in find_element
    return self.execute(Command.FIND_ELEMENT, {
  File "C:\Users\KDK\anaconda3\lib\site-packages\selenium\webdriver\remote\webdriver.py", line 321, in execute
    self.error_handler.check_response(response)
  File "C:\Users\KDK\anaconda3\lib\site-packages\selenium\webdriver\remote\errorhandler.py", line 242, in check_response
    raise exception_class(message, screen, stacktrace)
selenium.common.exceptions.NoSuchElementException: Message: no such element: Unable to locate element: {"method":"xpath","selector":"//*[contains(text(), 'od nejdražšího')]"}
  (Session info: chrome=98.0.4758.102)

</pre>
                        </div>
                        <!--css div popup end-->
                    </div>
                </td>
            </tr>
            
            <tr id="ft14.3" class='none'>
                <td class='errorCase'>
                    <div class='testcase'>
                        <a class="popup_link" onfocus='this.blur();'
                           href="javascript:showTestDetail('div_ft14.3')">test_SRL_map</a>
                    </div>
                </td>
                <td colspan='5' align='center'>
                    <div>
                        <!--css div popup start-->
                        <button>
                            <a class="popup_link" onfocus='this.blur();'
                               href="javascript:showTestDetail('div_ft14.3')" style="color:#660066;">
                                ERROR
                            </a></button>
                        <div id='div_ft14.3' class="popup_window">
                            <div style='text-align: right; color:red;cursor:pointer'>
                                <a onfocus='this.blur();'
                                   onclick="document.getElementById('div_ft14.3').style.display = 'none'; "
                                   style="color:red;">
                                    [x]</a>
                            </div>
                            <pre>2022-03-02 23:42:39.994185 : 
                             
                             
2022-03-02 23:42:39.994185 : ====== WebDriver manager ======
                             
2022-03-02 23:42:40.023176 : Current google-chrome version is 98.0.4758
                             
2022-03-02 23:42:40.024175 : Get LATEST chromedriver version for 98.0.4758 google-chrome
                             
2022-03-02 23:42:40.093276 : Driver [C:\Users\KDK\.wdm\drivers\chromedriver\win32\98.0.4758.102\chromedriver.exe] found in cache
                             
2022-03-02 23:42:55.291036 : nenasle se exponea banner
</pre>
                            <pre style="color: red;">Traceback (most recent call last):
  File "C:\Users\KDK\Desktop\EW_Automation_Local_Deploy_PyCharm\SRL_C.py", line 119, in test_SRL_map
    zobrazitNaMape = driver.find_element_by_xpath("//*[@class='f_bar-item f_bar-map']")
  File "C:\Users\KDK\anaconda3\lib\site-packages\selenium\webdriver\remote\webdriver.py", line 394, in find_element_by_xpath
    return self.find_element(by=By.XPATH, value=xpath)
  File "C:\Users\KDK\anaconda3\lib\site-packages\selenium\webdriver\remote\webdriver.py", line 976, in find_element
    return self.execute(Command.FIND_ELEMENT, {
  File "C:\Users\KDK\anaconda3\lib\site-packages\selenium\webdriver\remote\webdriver.py", line 321, in execute
    self.error_handler.check_response(response)
  File "C:\Users\KDK\anaconda3\lib\site-packages\selenium\webdriver\remote\errorhandler.py", line 242, in check_response
    raise exception_class(message, screen, stacktrace)
selenium.common.exceptions.NoSuchElementException: Message: no such element: Unable to locate element: {"method":"xpath","selector":"//*[@class='f_bar-item f_bar-map']"}
  (Session info: chrome=98.0.4758.102)

</pre>
                        </div>
                        <!--css div popup end-->
                    </div>
                </td>
            </tr>
            
            <tr id="ft14.4" class='none'>
                <td class='errorCase'>
                    <div class='testcase'>
                        <a class="popup_link" onfocus='this.blur();'
                           href="javascript:showTestDetail('div_ft14.4')">test_SRL_filtr_strava</a>
                    </div>
                </td>
                <td colspan='5' align='center'>
                    <div>
                        <!--css div popup start-->
                        <button>
                            <a class="popup_link" onfocus='this.blur();'
                               href="javascript:showTestDetail('div_ft14.4')" style="color:#660066;">
                                ERROR
                            </a></button>
                        <div id='div_ft14.4' class="popup_window">
                            <div style='text-align: right; color:red;cursor:pointer'>
                                <a onfocus='this.blur();'
                                   onclick="document.getElementById('div_ft14.4').style.display = 'none'; "
                                   style="color:red;">
                                    [x]</a>
                            </div>
                            <pre>2022-03-02 23:42:57.587509 : 
                             
                             
2022-03-02 23:42:57.587509 : ====== WebDriver manager ======
                             
2022-03-02 23:42:57.634510 : Current google-chrome version is 98.0.4758
                             
2022-03-02 23:42:57.634510 : Get LATEST chromedriver version for 98.0.4758 google-chrome
                             
2022-03-02 23:42:57.696515 : Driver [C:\Users\KDK\.wdm\drivers\chromedriver\win32\98.0.4758.102\chromedriver.exe] found in cache
                             
2022-03-02 23:43:09.058231 : nenasle se exponea banner
</pre>
                            <pre style="color: red;">Traceback (most recent call last):
  File "C:\Users\KDK\Desktop\EW_Automation_Local_Deploy_PyCharm\SRL_C.py", line 255, in test_SRL_filtr_strava
    stravaMenu = driver.find_element_by_xpath("//*[@class='f_menu-item']//*[contains(text(), 'Strava')]")
  File "C:\Users\KDK\anaconda3\lib\site-packages\selenium\webdriver\remote\webdriver.py", line 394, in find_element_by_xpath
    return self.find_element(by=By.XPATH, value=xpath)
  File "C:\Users\KDK\anaconda3\lib\site-packages\selenium\webdriver\remote\webdriver.py", line 976, in find_element
    return self.execute(Command.FIND_ELEMENT, {
  File "C:\Users\KDK\anaconda3\lib\site-packages\selenium\webdriver\remote\webdriver.py", line 321, in execute
    self.error_handler.check_response(response)
  File "C:\Users\KDK\anaconda3\lib\site-packages\selenium\webdriver\remote\errorhandler.py", line 242, in check_response
    raise exception_class(message, screen, stacktrace)
selenium.common.exceptions.NoSuchElementException: Message: no such element: Unable to locate element: {"method":"xpath","selector":"//*[@class='f_menu-item']//*[contains(text(), 'Strava')]"}
  (Session info: chrome=98.0.4758.102)

</pre>
                        </div>
                        <!--css div popup end-->
                    </div>
                </td>
            </tr>
            
            <tr id="ft14.5" class='none'>
                <td class='errorCase'>
                    <div class='testcase'>
                        <a class="popup_link" onfocus='this.blur();'
                           href="javascript:showTestDetail('div_ft14.5')">test_srl_C</a>
                    </div>
                </td>
                <td colspan='5' align='center'>
                    <div>
                        <!--css div popup start-->
                        <button>
                            <a class="popup_link" onfocus='this.blur();'
                               href="javascript:showTestDetail('div_ft14.5')" style="color:#660066;">
                                ERROR
                            </a></button>
                        <div id='div_ft14.5' class="popup_window">
                            <div style='text-align: right; color:red;cursor:pointer'>
                                <a onfocus='this.blur();'
                                   onclick="document.getElementById('div_ft14.5').style.display = 'none'; "
                                   style="color:red;">
                                    [x]</a>
                            </div>
                            <pre>2022-03-02 23:43:13.415613 : 
                             
                             
2022-03-02 23:43:13.415613 : ====== WebDriver manager ======
                             
2022-03-02 23:43:13.453601 : Current google-chrome version is 98.0.4758
                             
2022-03-02 23:43:13.454601 : Get LATEST chromedriver version for 98.0.4758 google-chrome
                             
2022-03-02 23:43:13.512621 : Driver [C:\Users\KDK\.wdm\drivers\chromedriver\win32\98.0.4758.102\chromedriver.exe] found in cache
                             
2022-03-02 23:43:25.045817 : nenasle se exponea banner
</pre>
                            <pre style="color: red;">Traceback (most recent call last):
  File "C:\Users\KDK\Desktop\EW_Automation_Local_Deploy_PyCharm\SRL_C.py", line 308, in test_srl_C
    wait.until(EC.visibility_of(hotelyAllKarty[0]))
IndexError: list index out of range
</pre>
                        </div>
                        <!--css div popup end-->
                    </div>
                </td>
            </tr>
            
        
        <tr class='passClass' style="font-weight:bold;color:white;">
            <td><a href="javascript:showClassDetail('c15','1')">SRL_D.TestSRL_D</a></td>
            <td>1</td>
            <td>1</td>
            <td>0</td>
            <td>0</td>
            <td>
                <button><a href="javascript:showClassDetail('c15','1')"
                           style="color:#660066;">Detail</a></button>
            </td>
        </tr>
            
            <tr id="pt15.1" class='hiddenRow'>
                <td class='passCase'>
                    <div class='testcase'>
                        <a class="popup_link" onfocus='this.blur();'
                           href="javascript:showTestDetail('div_pt15.1')">test_SRL_D</a>
                    </div>
                </td>
                <td colspan='5' align='center'>
                    <div>
                        <!--css div popup start-->
                        <button>
                            <a class="popup_link" onfocus='this.blur();'
                               href="javascript:showTestDetail('div_pt15.1')" style="color:#660066;">
                                PASS
                            </a></button>
                        <div id='div_pt15.1' class="popup_window">
                            <div style='text-align: right; color:red;cursor:pointer'>
                                <a onfocus='this.blur();'
                                   onclick="document.getElementById('div_pt15.1').style.display = 'none'; "
                                   style="color:red;">
                                    [x]</a>
                            </div>
                            <pre>2022-03-02 23:43:27.324584 : 
                             
                             
2022-03-02 23:43:27.324584 : ====== WebDriver manager ======
                             
2022-03-02 23:43:27.356574 : Current google-chrome version is 98.0.4758
                             
2022-03-02 23:43:27.356574 : Get LATEST chromedriver version for 98.0.4758 google-chrome
                             
2022-03-02 23:43:27.422569 : Driver [C:\Users\KDK\.wdm\drivers\chromedriver\win32\98.0.4758.102\chromedriver.exe] found in cache
                             
</pre>
                            <pre style="color: red;"></pre>
                        </div>
                        <!--css div popup end-->
                    </div>
                </td>
            </tr>
            
        

        <tr id='total_row'>
            <td>Total</td>
            <td>25</td>
            <td>13</td>
            <td>0</td>
            <td>12</td>
            <td>&nbsp;</td>
        </tr>
    </table>
</div>
<br><br>
<div id='ending'><b>Time Elapsed: </b>0:06:45.512338</div>
</body>
</html>