<!DOCTYPE html>
<html>
<head>
    <title>ETRAVEL-Web Suite testhttps://www.etravel.cz/</title>
    <meta name="generator" content="HTMLTestRunner 1.0.17"/>
    <meta http-equiv="Content-Type" content="text/html; charset=UTF-8"/>
    <link rel="stylesheet" href="stylesheet.css">
    <script src="script.js"></script>
    <style>
        
    </style>
    <script>
        
    </script>
</head>
<body>
<div class='heading'>
    <h1 style="margin-left:1ex;">ETRAVEL-Web Suite testhttps://www.etravel.cz/</h1>
    
    <p class='attribute'><strong>Start Time : </strong> 2022-03-28 23:00:19</p>
    
    <p class='attribute'><strong>Duration : </strong> 0:10:20.439443</p>
    
    <p class='attribute'><strong>Status : </strong> Pass 6 Error 9</p>
    
    <p class='attribute'><strong>Descrition : </strong> ETRAVEL-Web Suite test</p>
    
    <p class='attribute'><strong>Tested By : </strong> Unknown</p>
    
</div>
<div>
    <p id='show_detail_line'><b>Show</b>
        <button><a href='javascript:showCase(0)' style="color:#660066;">Summary</a></button>
        <button><a href='javascript:showCase(1)' style="color:#660066;">Failed</a></button>
        <button><a href='javascript:showCase(2)' style="color:#660066;">Passed</a></button>
        <button><a href='javascript:showCase(3)' style="color:#660066;">All</a></button>
    </p>
    <table id='result_table'>
        <colgroup>
            <col align='left'/>
            <col align='right'/>
            <col align='right'/>
            <col align='right'/>
            <col align='right'/>
            <col align='right'/>
        </colgroup>
        <tr id='header_row'>
            <td>Test Group/Test case</td>
            <td>Count</td>
            <td>Pass</td>
            <td>Fail</td>
            <td>Error</td>
            <td>View</td>
        </tr>
        
        <tr class='passClass' style="font-weight:bold;color:white;">
            <td><a href="javascript:showClassDetail('c1','3')">Detail_C.TestDetailHotelu_C</a></td>
            <td>3</td>
            <td>3</td>
            <td>0</td>
            <td>0</td>
            <td>
                <button><a href="javascript:showClassDetail('c1','3')"
                           style="color:#660066;">Detail</a></button>
            </td>
        </tr>
            
            <tr id="pt1.1" class='hiddenRow'>
                <td class='passCase'>
                    <div class='testcase'>
                        <a class="popup_link" onfocus='this.blur();'
                           href="javascript:showTestDetail('div_pt1.1')">test_detail_fotka</a>
                    </div>
                </td>
                <td colspan='5' align='center'>
                    <div>
                        <!--css div popup start-->
                        <button>
                            <a class="popup_link" onfocus='this.blur();'
                               href="javascript:showTestDetail('div_pt1.1')" style="color:#660066;">
                                PASS
                            </a></button>
                        <div id='div_pt1.1' class="popup_window">
                            <div style='text-align: right; color:red;cursor:pointer'>
                                <a onfocus='this.blur();'
                                   onclick="document.getElementById('div_pt1.1').style.display = 'none'; "
                                   style="color:red;">
                                    [x]</a>
                            </div>
                            <pre>2022-03-28 23:00:19.102020 : 
                             
                             
2022-03-28 23:00:19.102020 : ====== WebDriver manager ======
                             
2022-03-28 23:00:19.166002 : Current google-chrome version is 99.0.4844
                             
2022-03-28 23:00:19.166002 : Get LATEST chromedriver version for 99.0.4844 google-chrome
                             
2022-03-28 23:00:19.270729 : Driver [C:\Users\KDK\.wdm\drivers\chromedriver\win32\99.0.4844.51\chromedriver.exe] found in cache
                             
2022-03-28 23:00:35.948030 : <selenium.webdriver.remote.webelement.WebElement (session="a07a141b02801a373a61b2015074baf7", element="7f71184d-084a-43a5-879a-366c19f7298d")>
2022-03-28 23:01:05.253210 : nenasle se exponea banner
2022-03-28 23:01:05.277204 : https://img.eximtours.cz/hotels/egypt/oblast-hurghada/hurghada/mirage-bay-resort-a-aqua-park/166173.jpeg
2022-03-28 23:01:05.501175 : its ok
</pre>
                            <pre style="color: red;"></pre>
                        </div>
                        <!--css div popup end-->
                    </div>
                </td>
            </tr>
            
            <tr id="pt1.2" class='hiddenRow'>
                <td class='passCase'>
                    <div class='testcase'>
                        <a class="popup_link" onfocus='this.blur();'
                           href="javascript:showTestDetail('div_pt1.2')">test_detail_terminy_filtr_meal</a>
                    </div>
                </td>
                <td colspan='5' align='center'>
                    <div>
                        <!--css div popup start-->
                        <button>
                            <a class="popup_link" onfocus='this.blur();'
                               href="javascript:showTestDetail('div_pt1.2')" style="color:#660066;">
                                PASS
                            </a></button>
                        <div id='div_pt1.2' class="popup_window">
                            <div style='text-align: right; color:red;cursor:pointer'>
                                <a onfocus='this.blur();'
                                   onclick="document.getElementById('div_pt1.2').style.display = 'none'; "
                                   style="color:red;">
                                    [x]</a>
                            </div>
                            <pre>2022-03-28 23:01:08.021076 : 
                             
                             
2022-03-28 23:01:08.021076 : ====== WebDriver manager ======
                             
2022-03-28 23:01:08.084057 : Current google-chrome version is 99.0.4844
                             
2022-03-28 23:01:08.085056 : Get LATEST chromedriver version for 99.0.4844 google-chrome
                             
2022-03-28 23:01:08.740427 : Driver [C:\Users\KDK\.wdm\drivers\chromedriver\win32\99.0.4844.51\chromedriver.exe] found in cache
                             
2022-03-28 23:01:22.305311 : <selenium.webdriver.remote.webelement.WebElement (session="25c6e5300079cc1e021d712d82e2c8aa", element="16e88933-8e3f-436f-825c-09ae7e33f8e7")>
2022-03-28 23:01:50.104486 : nenasle se exponea banner
2022-03-28 23:01:51.471454 : ['All inclusive', 'All inclusive', 'All inclusive', 'All inclusive', 'All inclusive', 'All inclusive', 'All inclusive', 'All inclusive', 'All inclusive', 'All inclusive', 'All inclusive', 'All inclusive', 'All inclusive', 'All inclusive', 'All inclusive', 'All inclusive', 'All inclusive', 'All inclusive', 'All inclusive', 'All inclusive']
2022-03-28 23:01:51.471454 : ok
2022-03-28 23:01:51.471454 : ok
2022-03-28 23:01:51.471454 : ok
2022-03-28 23:01:51.471454 : ok
2022-03-28 23:01:51.471454 : ok
2022-03-28 23:01:51.471454 : ok
2022-03-28 23:01:51.471454 : ok
2022-03-28 23:01:51.471454 : ok
2022-03-28 23:01:51.471454 : ok
2022-03-28 23:01:51.471454 : ok
2022-03-28 23:01:51.471454 : ok
2022-03-28 23:01:51.471454 : ok
2022-03-28 23:01:51.471454 : ok
2022-03-28 23:01:51.471454 : ok
2022-03-28 23:01:51.471454 : ok
2022-03-28 23:01:51.471454 : ok
2022-03-28 23:01:51.471454 : ok
2022-03-28 23:01:51.471454 : ok
2022-03-28 23:01:51.471454 : ok
2022-03-28 23:01:51.471454 : ok
</pre>
                            <pre style="color: red;"></pre>
                        </div>
                        <!--css div popup end-->
                    </div>
                </td>
            </tr>
            
            <tr id="pt1.3" class='hiddenRow'>
                <td class='passCase'>
                    <div class='testcase'>
                        <a class="popup_link" onfocus='this.blur();'
                           href="javascript:showTestDetail('div_pt1.3')">test_detail_terminy_filtr_airport</a>
                    </div>
                </td>
                <td colspan='5' align='center'>
                    <div>
                        <!--css div popup start-->
                        <button>
                            <a class="popup_link" onfocus='this.blur();'
                               href="javascript:showTestDetail('div_pt1.3')" style="color:#660066;">
                                PASS
                            </a></button>
                        <div id='div_pt1.3' class="popup_window">
                            <div style='text-align: right; color:red;cursor:pointer'>
                                <a onfocus='this.blur();'
                                   onclick="document.getElementById('div_pt1.3').style.display = 'none'; "
                                   style="color:red;">
                                    [x]</a>
                            </div>
                            <pre>2022-03-28 23:01:54.715559 : 
                             
                             
2022-03-28 23:01:54.715559 : ====== WebDriver manager ======
                             
2022-03-28 23:01:54.746076 : Current google-chrome version is 99.0.4844
                             
2022-03-28 23:01:54.746076 : Get LATEST chromedriver version for 99.0.4844 google-chrome
                             
2022-03-28 23:01:54.860210 : Driver [C:\Users\KDK\.wdm\drivers\chromedriver\win32\99.0.4844.51\chromedriver.exe] found in cache
                             
2022-03-28 23:02:04.059563 : <selenium.webdriver.remote.webelement.WebElement (session="e27a25c5469c89be9b53d9ade2f82532", element="1a71fe6a-7e85-4a0e-8e31-f63fda22e907")>
2022-03-28 23:02:32.745226 : nenasle se exponea banner
2022-03-28 23:02:34.171104 : ['Praha', 'Praha', 'Praha', 'Praha', 'Praha', 'Praha', 'Praha', 'Praha', 'Praha', 'Praha', 'Praha', 'Praha', 'Praha', 'Praha', 'Praha', 'Praha', 'Praha', 'Praha', 'Praha', 'Praha']
2022-03-28 23:02:34.171104 : ok
2022-03-28 23:02:34.171104 : ok
2022-03-28 23:02:34.171104 : ok
2022-03-28 23:02:34.171104 : ok
2022-03-28 23:02:34.171104 : ok
2022-03-28 23:02:34.171104 : ok
2022-03-28 23:02:34.171104 : ok
2022-03-28 23:02:34.171104 : ok
2022-03-28 23:02:34.171104 : ok
2022-03-28 23:02:34.171104 : ok
2022-03-28 23:02:34.171104 : ok
2022-03-28 23:02:34.171104 : ok
2022-03-28 23:02:34.171104 : ok
2022-03-28 23:02:34.171104 : ok
2022-03-28 23:02:34.171104 : ok
2022-03-28 23:02:34.171104 : ok
2022-03-28 23:02:34.171104 : ok
2022-03-28 23:02:34.171104 : ok
2022-03-28 23:02:34.171104 : ok
2022-03-28 23:02:34.171104 : ok
</pre>
                            <pre style="color: red;"></pre>
                        </div>
                        <!--css div popup end-->
                    </div>
                </td>
            </tr>
            
        
        <tr class='errorClass' style="font-weight:bold;color:white;">
            <td><a href="javascript:showClassDetail('c2','2')">FM_Exotika_D.Test_FM_Exotika_D</a></td>
            <td>2</td>
            <td>0</td>
            <td>0</td>
            <td>2</td>
            <td>
                <button><a href="javascript:showClassDetail('c2','2')"
                           style="color:#660066;">Detail</a></button>
            </td>
        </tr>
            
            <tr id="ft2.1" class='none'>
                <td class='errorCase'>
                    <div class='testcase'>
                        <a class="popup_link" onfocus='this.blur();'
                           href="javascript:showTestDetail('div_ft2.1')">test_FM_D</a>
                    </div>
                </td>
                <td colspan='5' align='center'>
                    <div>
                        <!--css div popup start-->
                        <button>
                            <a class="popup_link" onfocus='this.blur();'
                               href="javascript:showTestDetail('div_ft2.1')" style="color:#660066;">
                                ERROR
                            </a></button>
                        <div id='div_ft2.1' class="popup_window">
                            <div style='text-align: right; color:red;cursor:pointer'>
                                <a onfocus='this.blur();'
                                   onclick="document.getElementById('div_ft2.1').style.display = 'none'; "
                                   style="color:red;">
                                    [x]</a>
                            </div>
                            <pre>2022-03-28 23:02:37.535363 : 
                             
                             
2022-03-28 23:02:37.535363 : ====== WebDriver manager ======
                             
2022-03-28 23:02:37.569277 : Current google-chrome version is 99.0.4844
                             
2022-03-28 23:02:37.570275 : Get LATEST chromedriver version for 99.0.4844 google-chrome
                             
2022-03-28 23:02:37.672090 : Driver [C:\Users\KDK\.wdm\drivers\chromedriver\win32\99.0.4844.51\chromedriver.exe] found in cache
                             
2022-03-28 23:02:46.667728 : <selenium.webdriver.remote.webelement.WebElement (session="b3b84064725c5b9652d89ea92dea22c6", element="56989cde-0644-4832-bcf4-79bf818039ce")>
</pre>
                            <pre style="color: red;">Traceback (most recent call last):
  File "C:\Users\KDK\Desktop\ET_Automation_Local_Deploy_PyCharm\FM_Exotika_D.py", line 19, in test_FM_D
    acceptConsent(self.driver)
  File "C:\Users\KDK\Desktop\ET_Automation_Local_Deploy_PyCharm\to_import.py", line 53, in acceptConsent
    element.click()
  File "C:\Users\KDK\anaconda3\lib\site-packages\selenium\webdriver\remote\webelement.py", line 80, in click
    self._execute(Command.CLICK_ELEMENT)
  File "C:\Users\KDK\anaconda3\lib\site-packages\selenium\webdriver\remote\webelement.py", line 633, in _execute
    return self._parent.execute(command, params)
  File "C:\Users\KDK\anaconda3\lib\site-packages\selenium\webdriver\remote\webdriver.py", line 321, in execute
    self.error_handler.check_response(response)
  File "C:\Users\KDK\anaconda3\lib\site-packages\selenium\webdriver\remote\errorhandler.py", line 242, in check_response
    raise exception_class(message, screen, stacktrace)
selenium.common.exceptions.StaleElementReferenceException: Message: stale element reference: element is not attached to the page document
  (Session info: chrome=99.0.4844.82)

</pre>
                        </div>
                        <!--css div popup end-->
                    </div>
                </td>
            </tr>
            
            <tr id="ft2.2" class='none'>
                <td class='errorCase'>
                    <div class='testcase'>
                        <a class="popup_link" onfocus='this.blur();'
                           href="javascript:showTestDetail('div_ft2.2')">test_Exotika_D</a>
                    </div>
                </td>
                <td colspan='5' align='center'>
                    <div>
                        <!--css div popup start-->
                        <button>
                            <a class="popup_link" onfocus='this.blur();'
                               href="javascript:showTestDetail('div_ft2.2')" style="color:#660066;">
                                ERROR
                            </a></button>
                        <div id='div_ft2.2' class="popup_window">
                            <div style='text-align: right; color:red;cursor:pointer'>
                                <a onfocus='this.blur();'
                                   onclick="document.getElementById('div_ft2.2').style.display = 'none'; "
                                   style="color:red;">
                                    [x]</a>
                            </div>
                            <pre>2022-03-28 23:02:49.354052 : 
                             
                             
2022-03-28 23:02:49.354052 : ====== WebDriver manager ======
                             
2022-03-28 23:02:49.376044 : Current google-chrome version is 99.0.4844
                             
2022-03-28 23:02:49.376044 : Get LATEST chromedriver version for 99.0.4844 google-chrome
                             
2022-03-28 23:02:49.443023 : Driver [C:\Users\KDK\.wdm\drivers\chromedriver\win32\99.0.4844.51\chromedriver.exe] found in cache
                             
2022-03-28 23:02:57.388831 : <selenium.webdriver.remote.webelement.WebElement (session="cca424c720f777c30ad479f48ef1d7d8", element="d3173286-25ba-435e-9f19-18fdf9f85b6c")>
</pre>
                            <pre style="color: red;">Traceback (most recent call last):
  File "C:\Users\KDK\Desktop\ET_Automation_Local_Deploy_PyCharm\FM_Exotika_D.py", line 29, in test_Exotika_D
    acceptConsent(self.driver)
  File "C:\Users\KDK\Desktop\ET_Automation_Local_Deploy_PyCharm\to_import.py", line 53, in acceptConsent
    element.click()
  File "C:\Users\KDK\anaconda3\lib\site-packages\selenium\webdriver\remote\webelement.py", line 80, in click
    self._execute(Command.CLICK_ELEMENT)
  File "C:\Users\KDK\anaconda3\lib\site-packages\selenium\webdriver\remote\webelement.py", line 633, in _execute
    return self._parent.execute(command, params)
  File "C:\Users\KDK\anaconda3\lib\site-packages\selenium\webdriver\remote\webdriver.py", line 321, in execute
    self.error_handler.check_response(response)
  File "C:\Users\KDK\anaconda3\lib\site-packages\selenium\webdriver\remote\errorhandler.py", line 242, in check_response
    raise exception_class(message, screen, stacktrace)
selenium.common.exceptions.StaleElementReferenceException: Message: stale element reference: element is not attached to the page document
  (Session info: chrome=99.0.4844.82)

</pre>
                        </div>
                        <!--css div popup end-->
                    </div>
                </td>
            </tr>
            
        
        <tr class='errorClass' style="font-weight:bold;color:white;">
            <td><a href="javascript:showClassDetail('c3','2')">fulltext_C.Test_Fulltext_C</a></td>
            <td>2</td>
            <td>1</td>
            <td>0</td>
            <td>1</td>
            <td>
                <button><a href="javascript:showClassDetail('c3','2')"
                           style="color:#660066;">Detail</a></button>
            </td>
        </tr>
            
            <tr id="ft3.1" class='none'>
                <td class='errorCase'>
                    <div class='testcase'>
                        <a class="popup_link" onfocus='this.blur();'
                           href="javascript:showTestDetail('div_ft3.1')">test_fulltext_naseptavac</a>
                    </div>
                </td>
                <td colspan='5' align='center'>
                    <div>
                        <!--css div popup start-->
                        <button>
                            <a class="popup_link" onfocus='this.blur();'
                               href="javascript:showTestDetail('div_ft3.1')" style="color:#660066;">
                                ERROR
                            </a></button>
                        <div id='div_ft3.1' class="popup_window">
                            <div style='text-align: right; color:red;cursor:pointer'>
                                <a onfocus='this.blur();'
                                   onclick="document.getElementById('div_ft3.1').style.display = 'none'; "
                                   style="color:red;">
                                    [x]</a>
                            </div>
                            <pre>2022-03-28 23:02:59.998280 : 
                             
                             
2022-03-28 23:02:59.998280 : ====== WebDriver manager ======
                             
2022-03-28 23:03:00.023276 : Current google-chrome version is 99.0.4844
                             
2022-03-28 23:03:00.024273 : Get LATEST chromedriver version for 99.0.4844 google-chrome
                             
2022-03-28 23:03:00.110950 : Driver [C:\Users\KDK\.wdm\drivers\chromedriver\win32\99.0.4844.51\chromedriver.exe] found in cache
                             
2022-03-28 23:03:05.003303 : <selenium.webdriver.remote.webelement.WebElement (session="12e87eba07643eee035eb77d940d0728", element="0990d437-01d7-4ade-9a60-09967a1e7d13")>
</pre>
                            <pre style="color: red;">Traceback (most recent call last):
  File "C:\Users\KDK\Desktop\ET_Automation_Local_Deploy_PyCharm\fulltext_C.py", line 52, in test_fulltext_naseptavac
    wait.until(EC.visibility_of(self.driver.find_element_by_xpath(HPinputBoxFullTextXpath))).send_keys(queryList[poziceQueryItem])
  File "C:\Users\KDK\anaconda3\lib\site-packages\selenium\webdriver\remote\webdriver.py", line 394, in find_element_by_xpath
    return self.find_element(by=By.XPATH, value=xpath)
  File "C:\Users\KDK\anaconda3\lib\site-packages\selenium\webdriver\remote\webdriver.py", line 976, in find_element
    return self.execute(Command.FIND_ELEMENT, {
  File "C:\Users\KDK\anaconda3\lib\site-packages\selenium\webdriver\remote\webdriver.py", line 321, in execute
    self.error_handler.check_response(response)
  File "C:\Users\KDK\anaconda3\lib\site-packages\selenium\webdriver\remote\errorhandler.py", line 242, in check_response
    raise exception_class(message, screen, stacktrace)
selenium.common.exceptions.NoSuchElementException: Message: no such element: Unable to locate element: {"method":"xpath","selector":"//*[@class='flex-grow outline-none px-2 py-2 bg-transparent']"}
  (Session info: chrome=99.0.4844.82)

</pre>
                        </div>
                        <!--css div popup end-->
                    </div>
                </td>
            </tr>
            
            <tr id="pt3.2" class='hiddenRow'>
                <td class='passCase'>
                    <div class='testcase'>
                        <a class="popup_link" onfocus='this.blur();'
                           href="javascript:showTestDetail('div_pt3.2')">test_fulltext_results_status_check</a>
                    </div>
                </td>
                <td colspan='5' align='center'>
                    <div>
                        <!--css div popup start-->
                        <button>
                            <a class="popup_link" onfocus='this.blur();'
                               href="javascript:showTestDetail('div_pt3.2')" style="color:#660066;">
                                PASS
                            </a></button>
                        <div id='div_pt3.2' class="popup_window">
                            <div style='text-align: right; color:red;cursor:pointer'>
                                <a onfocus='this.blur();'
                                   onclick="document.getElementById('div_pt3.2').style.display = 'none'; "
                                   style="color:red;">
                                    [x]</a>
                            </div>
                            <pre>2022-03-28 23:03:33.634909 : 
                             
                             
2022-03-28 23:03:33.634909 : ====== WebDriver manager ======
                             
2022-03-28 23:03:33.660530 : Current google-chrome version is 99.0.4844
                             
2022-03-28 23:03:33.660530 : Get LATEST chromedriver version for 99.0.4844 google-chrome
                             
2022-03-28 23:03:33.732235 : Driver [C:\Users\KDK\.wdm\drivers\chromedriver\win32\99.0.4844.51\chromedriver.exe] found in cache
                             
2022-03-28 23:03:39.823691 : <selenium.webdriver.remote.webelement.WebElement (session="9cf028d23df1ff81a4f3ea1edcaeebb5", element="0ed0b8dc-5f66-424a-bf56-dd55e304acfa")>
2022-03-28 23:03:40.319834 : ZANZIBAR
2022-03-28 23:03:43.722702 : ØECKO
2022-03-28 23:03:46.218024 : TURECKO
2022-03-28 23:03:49.132610 : EGYPT
2022-03-28 23:03:51.387087 : KAPVERDY
2022-03-28 23:03:54.490383 : OMAN
2022-03-28 23:03:56.993084 : MALEDIVY
2022-03-28 23:03:59.778686 : DUBAJ
2022-03-28 23:04:02.779285 : MALLORCA
2022-03-28 23:04:14.712311 : BULHARSKO
2022-03-28 23:04:20.966184 : CHORVATSKO
2022-03-28 23:04:58.152971 : KEFALONIA
2022-03-28 23:05:02.472776 : ATTIKA
2022-03-28 23:05:29.232179 : POJIŠTÌNÍ
2022-03-28 23:05:32.419771 : PARKOVÁNÍ
2022-03-28 23:05:35.676274 : COVID
2022-03-28 23:05:39.292332 : FUNTAZIE
2022-03-28 23:05:42.893111 : MIRAGE BAY
2022-03-28 23:05:46.504020 : PRIMA LIFE
2022-03-28 23:05:50.007955 : PRIMA LIFE MAKADI
2022-03-28 23:05:52.626285 : PEGASOS
2022-03-28 23:05:56.327131 : PICKALBATROS
2022-03-28 23:05:58.932366 : TITANIC
2022-03-28 23:06:03.647238 : MIRAGE
2022-03-28 23:06:06.933143 : BAY & MARE
2022-03-28 23:06:09.359256 : A FOR ART
2022-03-28 23:06:13.458974 : PORTO SKALA 7
2022-03-28 23:06:16.643080 : COSTA AZZURRA
2022-03-28 23:06:19.496463 : LA CITE
2022-03-28 23:06:22.352439 : STEFANOS
2022-03-28 23:06:33.260598 : MAGNOLIA
2022-03-28 23:06:40.481016 : WHITE GOLD
2022-03-28 23:06:43.590167 : KING TUT RESORT
2022-03-28 23:06:47.225277 : BLUE WATERS
2022-03-28 23:06:50.649476 : PRIMASOL
2022-03-28 23:06:53.113653 : DOUBLETREE
</pre>
                            <pre style="color: red;"></pre>
                        </div>
                        <!--css div popup end-->
                    </div>
                </td>
            </tr>
            
        
        <tr class='passClass' style="font-weight:bold;color:white;">
            <td><a href="javascript:showClassDetail('c4','1')">groupsearch_D.Test_Groupsearch_D</a></td>
            <td>1</td>
            <td>1</td>
            <td>0</td>
            <td>0</td>
            <td>
                <button><a href="javascript:showClassDetail('c4','1')"
                           style="color:#660066;">Detail</a></button>
            </td>
        </tr>
            
            <tr id="pt4.1" class='hiddenRow'>
                <td class='passCase'>
                    <div class='testcase'>
                        <a class="popup_link" onfocus='this.blur();'
                           href="javascript:showTestDetail('div_pt4.1')">test_groupsearch_D</a>
                    </div>
                </td>
                <td colspan='5' align='center'>
                    <div>
                        <!--css div popup start-->
                        <button>
                            <a class="popup_link" onfocus='this.blur();'
                               href="javascript:showTestDetail('div_pt4.1')" style="color:#660066;">
                                PASS
                            </a></button>
                        <div id='div_pt4.1' class="popup_window">
                            <div style='text-align: right; color:red;cursor:pointer'>
                                <a onfocus='this.blur();'
                                   onclick="document.getElementById('div_pt4.1').style.display = 'none'; "
                                   style="color:red;">
                                    [x]</a>
                            </div>
                            <pre>2022-03-28 23:06:58.465270 : 
                             
                             
2022-03-28 23:06:58.465270 : ====== WebDriver manager ======
                             
2022-03-28 23:06:58.492275 : Current google-chrome version is 99.0.4844
                             
2022-03-28 23:06:58.492275 : Get LATEST chromedriver version for 99.0.4844 google-chrome
                             
2022-03-28 23:06:58.898200 : Driver [C:\Users\KDK\.wdm\drivers\chromedriver\win32\99.0.4844.51\chromedriver.exe] found in cache
                             
2022-03-28 23:07:08.322173 : <selenium.webdriver.remote.webelement.WebElement (session="42ddc10a14e2dc683953dd775618aa09", element="9b1ab8f5-7b45-4f5c-a19e-2bb040b34d6f")>
2022-03-28 23:07:27.964244 : Senegal
                             2 hotely od 30 388 Kè / osoba
2022-03-28 23:07:27.986226 : Estonsko
                             1 hotel od 33 588 Kè / osoba
2022-03-28 23:07:28.010204 : Gruzie
                             1 hotel od 39 588 Kè / osoba
2022-03-28 23:07:28.038195 : Jižní Korea
                             2 hotely od 71 760 Kè / osoba
2022-03-28 23:07:28.060202 : Aruba
                             7 hotelù od 58 868 Kè / osoba
2022-03-28 23:07:28.081182 : Sv. Vincent a Grenadiny
                             1 hotel od 197 388 Kè / osoba
2022-03-28 23:07:28.106188 : Komory
                             1 hotel od 97 388 Kè / osoba
2022-03-28 23:07:28.131165 : Senegal
                             2 hotely od 30 388 Kè / osoba
2022-03-28 23:07:28.152159 : Franc. Polynésie
                             4 hotely od 237 724 Kè / osoba
2022-03-28 23:07:28.152159 : následující destinace mají prázdný teaser obrazek
2022-03-28 23:07:28.152159 : ['Senegal\n2 hotely od 30 388 Kè / osoba', 'Estonsko\n1 hotel od 33 588 Kè / osoba', 'Gruzie\n1 hotel od 39 588 Kè / osoba', 'Jižní Korea\n2 hotely od 71 760 Kè / osoba', 'Aruba\n7 hotelù od 58 868 Kè / osoba', 'Sv. Vincent a Grenadiny\n1 hotel od 197 388 Kè / osoba', 'Komory\n1 hotel od 97 388 Kè / osoba', 'Senegal\n2 hotely od 30 388 Kè / osoba', 'Franc. Polynésie\n4 hotely od 237 724 Kè / osoba']
</pre>
                            <pre style="color: red;"></pre>
                        </div>
                        <!--css div popup end-->
                    </div>
                </td>
            </tr>
            
        
        <tr class='passClass' style="font-weight:bold;color:white;">
            <td><a href="javascript:showClassDetail('c5','1')">HP_D.Test_HP_D</a></td>
            <td>1</td>
            <td>1</td>
            <td>0</td>
            <td>0</td>
            <td>
                <button><a href="javascript:showClassDetail('c5','1')"
                           style="color:#660066;">Detail</a></button>
            </td>
        </tr>
            
            <tr id="pt5.1" class='hiddenRow'>
                <td class='passCase'>
                    <div class='testcase'>
                        <a class="popup_link" onfocus='this.blur();'
                           href="javascript:showTestDetail('div_pt5.1')">test_HP_D</a>
                    </div>
                </td>
                <td colspan='5' align='center'>
                    <div>
                        <!--css div popup start-->
                        <button>
                            <a class="popup_link" onfocus='this.blur();'
                               href="javascript:showTestDetail('div_pt5.1')" style="color:#660066;">
                                PASS
                            </a></button>
                        <div id='div_pt5.1' class="popup_window">
                            <div style='text-align: right; color:red;cursor:pointer'>
                                <a onfocus='this.blur();'
                                   onclick="document.getElementById('div_pt5.1').style.display = 'none'; "
                                   style="color:red;">
                                    [x]</a>
                            </div>
                            <pre>2022-03-28 23:07:30.429023 : 
                             
                             
2022-03-28 23:07:30.429023 : ====== WebDriver manager ======
                             
2022-03-28 23:07:30.456014 : Current google-chrome version is 99.0.4844
                             
2022-03-28 23:07:30.456014 : Get LATEST chromedriver version for 99.0.4844 google-chrome
                             
2022-03-28 23:07:30.549984 : Driver [C:\Users\KDK\.wdm\drivers\chromedriver\win32\99.0.4844.51\chromedriver.exe] found in cache
                             
2022-03-28 23:07:40.869720 : <selenium.webdriver.remote.webelement.WebElement (session="548922738ee6e55824e500eb3c78a973", element="9e6b44c0-4c3c-44f5-8744-caeb3edcab44")>
</pre>
                            <pre style="color: red;"></pre>
                        </div>
                        <!--css div popup end-->
                    </div>
                </td>
            </tr>
            
        
        <tr class='errorClass' style="font-weight:bold;color:white;">
            <td><a href="javascript:showClassDetail('c6','1')">LM_D.Test_LM_D</a></td>
            <td>1</td>
            <td>0</td>
            <td>0</td>
            <td>1</td>
            <td>
                <button><a href="javascript:showClassDetail('c6','1')"
                           style="color:#660066;">Detail</a></button>
            </td>
        </tr>
            
            <tr id="ft6.1" class='none'>
                <td class='errorCase'>
                    <div class='testcase'>
                        <a class="popup_link" onfocus='this.blur();'
                           href="javascript:showTestDetail('div_ft6.1')">test_LM_D</a>
                    </div>
                </td>
                <td colspan='5' align='center'>
                    <div>
                        <!--css div popup start-->
                        <button>
                            <a class="popup_link" onfocus='this.blur();'
                               href="javascript:showTestDetail('div_ft6.1')" style="color:#660066;">
                                ERROR
                            </a></button>
                        <div id='div_ft6.1' class="popup_window">
                            <div style='text-align: right; color:red;cursor:pointer'>
                                <a onfocus='this.blur();'
                                   onclick="document.getElementById('div_ft6.1').style.display = 'none'; "
                                   style="color:red;">
                                    [x]</a>
                            </div>
                            <pre>2022-03-28 23:07:43.308166 : 
                             
                             
2022-03-28 23:07:43.308166 : ====== WebDriver manager ======
                             
2022-03-28 23:07:43.331159 : Current google-chrome version is 99.0.4844
                             
2022-03-28 23:07:43.331159 : Get LATEST chromedriver version for 99.0.4844 google-chrome
                             
2022-03-28 23:07:43.483141 : Driver [C:\Users\KDK\.wdm\drivers\chromedriver\win32\99.0.4844.51\chromedriver.exe] found in cache
                             
2022-03-28 23:07:56.900263 : <selenium.webdriver.remote.webelement.WebElement (session="b859c7ec2f0e1fb7d207656430c0868e", element="7fa5ba41-2d7a-4939-bbbf-ed75a03ee228")>
2022-03-28 23:07:57.263326 : wait done
2022-03-28 23:07:57.263326 : TRY block start
2022-03-28 23:07:57.317312 : JDOU VIDET
2022-03-28 23:07:57.335306 : JDOU VIDET
2022-03-28 23:07:57.347314 : JDOU VIDET
2022-03-28 23:08:00.746993 : wait done
2022-03-28 23:08:00.746993 : TRY block start
</pre>
                            <pre style="color: red;">Traceback (most recent call last):
  File "C:\Users\KDK\Desktop\ET_Automation_Local_Deploy_PyCharm\LM_D.py", line 20, in test_LM_D
    rowKarty_imgHoteluKarty_D(self, self.driver)
  File "C:\Users\KDK\Desktop\ET_Automation_Local_Deploy_PyCharm\import_test_units_Xpaths.py", line 54, in rowKarty_imgHoteluKarty_D
    if imgHoteluElement[3].is_displayed():
IndexError: list index out of range
</pre>
                        </div>
                        <!--css div popup end-->
                    </div>
                </td>
            </tr>
            
        
        <tr class='errorClass' style="font-weight:bold;color:white;">
            <td><a href="javascript:showClassDetail('c7','5')">SRL_C.Test_SRL_C</a></td>
            <td>5</td>
            <td>0</td>
            <td>0</td>
            <td>5</td>
            <td>
                <button><a href="javascript:showClassDetail('c7','5')"
                           style="color:#660066;">Detail</a></button>
            </td>
        </tr>
            
            <tr id="ft7.1" class='none'>
                <td class='errorCase'>
                    <div class='testcase'>
                        <a class="popup_link" onfocus='this.blur();'
                           href="javascript:showTestDetail('div_ft7.1')">test_SRL_sort_cheapest</a>
                    </div>
                </td>
                <td colspan='5' align='center'>
                    <div>
                        <!--css div popup start-->
                        <button>
                            <a class="popup_link" onfocus='this.blur();'
                               href="javascript:showTestDetail('div_ft7.1')" style="color:#660066;">
                                ERROR
                            </a></button>
                        <div id='div_ft7.1' class="popup_window">
                            <div style='text-align: right; color:red;cursor:pointer'>
                                <a onfocus='this.blur();'
                                   onclick="document.getElementById('div_ft7.1').style.display = 'none'; "
                                   style="color:red;">
                                    [x]</a>
                            </div>
                            <pre>2022-03-28 23:08:03.130700 : 
                             
                             
2022-03-28 23:08:03.130700 : ====== WebDriver manager ======
                             
2022-03-28 23:08:03.155994 : Current google-chrome version is 99.0.4844
                             
2022-03-28 23:08:03.155994 : Get LATEST chromedriver version for 99.0.4844 google-chrome
                             
2022-03-28 23:08:03.512572 : Driver [C:\Users\KDK\.wdm\drivers\chromedriver\win32\99.0.4844.51\chromedriver.exe] found in cache
                             
2022-03-28 23:08:25.434535 : <selenium.webdriver.remote.webelement.WebElement (session="5a4510f2ab547e5e473b06f7e569ff80", element="a8505e06-fc31-44dd-ab21-e692cf2a47be")>
</pre>
                            <pre style="color: red;">Traceback (most recent call last):
  File "C:\Users\KDK\Desktop\ET_Automation_Local_Deploy_PyCharm\SRL_C.py", line 34, in test_SRL_sort_cheapest
    acceptConsent(self.driver)
  File "C:\Users\KDK\Desktop\ET_Automation_Local_Deploy_PyCharm\to_import.py", line 53, in acceptConsent
    element.click()
  File "C:\Users\KDK\anaconda3\lib\site-packages\selenium\webdriver\remote\webelement.py", line 80, in click
    self._execute(Command.CLICK_ELEMENT)
  File "C:\Users\KDK\anaconda3\lib\site-packages\selenium\webdriver\remote\webelement.py", line 633, in _execute
    return self._parent.execute(command, params)
  File "C:\Users\KDK\anaconda3\lib\site-packages\selenium\webdriver\remote\webdriver.py", line 321, in execute
    self.error_handler.check_response(response)
  File "C:\Users\KDK\anaconda3\lib\site-packages\selenium\webdriver\remote\errorhandler.py", line 242, in check_response
    raise exception_class(message, screen, stacktrace)
selenium.common.exceptions.StaleElementReferenceException: Message: stale element reference: element is not attached to the page document
  (Session info: chrome=99.0.4844.82)

</pre>
                        </div>
                        <!--css div popup end-->
                    </div>
                </td>
            </tr>
            
            <tr id="ft7.2" class='none'>
                <td class='errorCase'>
                    <div class='testcase'>
                        <a class="popup_link" onfocus='this.blur();'
                           href="javascript:showTestDetail('div_ft7.2')">test_SRL_sort_expensive</a>
                    </div>
                </td>
                <td colspan='5' align='center'>
                    <div>
                        <!--css div popup start-->
                        <button>
                            <a class="popup_link" onfocus='this.blur();'
                               href="javascript:showTestDetail('div_ft7.2')" style="color:#660066;">
                                ERROR
                            </a></button>
                        <div id='div_ft7.2' class="popup_window">
                            <div style='text-align: right; color:red;cursor:pointer'>
                                <a onfocus='this.blur();'
                                   onclick="document.getElementById('div_ft7.2').style.display = 'none'; "
                                   style="color:red;">
                                    [x]</a>
                            </div>
                            <pre>2022-03-28 23:08:27.947428 : 
                             
                             
2022-03-28 23:08:27.947428 : ====== WebDriver manager ======
                             
2022-03-28 23:08:27.978358 : Current google-chrome version is 99.0.4844
                             
2022-03-28 23:08:27.978358 : Get LATEST chromedriver version for 99.0.4844 google-chrome
                             
2022-03-28 23:08:28.080164 : Driver [C:\Users\KDK\.wdm\drivers\chromedriver\win32\99.0.4844.51\chromedriver.exe] found in cache
                             
2022-03-28 23:08:42.231384 : <selenium.webdriver.remote.webelement.WebElement (session="c230e910687cda43ce887ab884072164", element="6d638a3b-5121-40a6-91fa-f5620aac2057")>
</pre>
                            <pre style="color: red;">Traceback (most recent call last):
  File "C:\Users\KDK\Desktop\ET_Automation_Local_Deploy_PyCharm\SRL_C.py", line 64, in test_SRL_sort_expensive
    acceptConsent(self.driver)
  File "C:\Users\KDK\Desktop\ET_Automation_Local_Deploy_PyCharm\to_import.py", line 53, in acceptConsent
    element.click()
  File "C:\Users\KDK\anaconda3\lib\site-packages\selenium\webdriver\remote\webelement.py", line 80, in click
    self._execute(Command.CLICK_ELEMENT)
  File "C:\Users\KDK\anaconda3\lib\site-packages\selenium\webdriver\remote\webelement.py", line 633, in _execute
    return self._parent.execute(command, params)
  File "C:\Users\KDK\anaconda3\lib\site-packages\selenium\webdriver\remote\webdriver.py", line 321, in execute
    self.error_handler.check_response(response)
  File "C:\Users\KDK\anaconda3\lib\site-packages\selenium\webdriver\remote\errorhandler.py", line 242, in check_response
    raise exception_class(message, screen, stacktrace)
selenium.common.exceptions.StaleElementReferenceException: Message: stale element reference: element is not attached to the page document
  (Session info: chrome=99.0.4844.82)

</pre>
                        </div>
                        <!--css div popup end-->
                    </div>
                </td>
            </tr>
            
            <tr id="ft7.3" class='none'>
                <td class='errorCase'>
                    <div class='testcase'>
                        <a class="popup_link" onfocus='this.blur();'
                           href="javascript:showTestDetail('div_ft7.3')">test_SRL_map</a>
                    </div>
                </td>
                <td colspan='5' align='center'>
                    <div>
                        <!--css div popup start-->
                        <button>
                            <a class="popup_link" onfocus='this.blur();'
                               href="javascript:showTestDetail('div_ft7.3')" style="color:#660066;">
                                ERROR
                            </a></button>
                        <div id='div_ft7.3' class="popup_window">
                            <div style='text-align: right; color:red;cursor:pointer'>
                                <a onfocus='this.blur();'
                                   onclick="document.getElementById('div_ft7.3').style.display = 'none'; "
                                   style="color:red;">
                                    [x]</a>
                            </div>
                            <pre>2022-03-28 23:08:45.119336 : 
                             
                             
2022-03-28 23:08:45.119336 : ====== WebDriver manager ======
                             
2022-03-28 23:08:45.147409 : Current google-chrome version is 99.0.4844
                             
2022-03-28 23:08:45.147409 : Get LATEST chromedriver version for 99.0.4844 google-chrome
                             
2022-03-28 23:08:45.266643 : Driver [C:\Users\KDK\.wdm\drivers\chromedriver\win32\99.0.4844.51\chromedriver.exe] found in cache
                             
2022-03-28 23:09:08.385469 : <selenium.webdriver.remote.webelement.WebElement (session="ea6c3ea8ab3c6e921c2c485189330a99", element="d73794c8-2342-473c-a35a-f660d1cdf4c4")>
</pre>
                            <pre style="color: red;">Traceback (most recent call last):
  File "C:\Users\KDK\Desktop\ET_Automation_Local_Deploy_PyCharm\SRL_C.py", line 102, in test_SRL_map
    acceptConsent(driver)
  File "C:\Users\KDK\Desktop\ET_Automation_Local_Deploy_PyCharm\to_import.py", line 53, in acceptConsent
    element.click()
  File "C:\Users\KDK\anaconda3\lib\site-packages\selenium\webdriver\remote\webelement.py", line 80, in click
    self._execute(Command.CLICK_ELEMENT)
  File "C:\Users\KDK\anaconda3\lib\site-packages\selenium\webdriver\remote\webelement.py", line 633, in _execute
    return self._parent.execute(command, params)
  File "C:\Users\KDK\anaconda3\lib\site-packages\selenium\webdriver\remote\webdriver.py", line 321, in execute
    self.error_handler.check_response(response)
  File "C:\Users\KDK\anaconda3\lib\site-packages\selenium\webdriver\remote\errorhandler.py", line 242, in check_response
    raise exception_class(message, screen, stacktrace)
selenium.common.exceptions.StaleElementReferenceException: Message: stale element reference: element is not attached to the page document
  (Session info: chrome=99.0.4844.82)

</pre>
                        </div>
                        <!--css div popup end-->
                    </div>
                </td>
            </tr>
            
            <tr id="ft7.4" class='none'>
                <td class='errorCase'>
                    <div class='testcase'>
                        <a class="popup_link" onfocus='this.blur();'
                           href="javascript:showTestDetail('div_ft7.4')">test_SRL_filtr_strava</a>
                    </div>
                </td>
                <td colspan='5' align='center'>
                    <div>
                        <!--css div popup start-->
                        <button>
                            <a class="popup_link" onfocus='this.blur();'
                               href="javascript:showTestDetail('div_ft7.4')" style="color:#660066;">
                                ERROR
                            </a></button>
                        <div id='div_ft7.4' class="popup_window">
                            <div style='text-align: right; color:red;cursor:pointer'>
                                <a onfocus='this.blur();'
                                   onclick="document.getElementById('div_ft7.4').style.display = 'none'; "
                                   style="color:red;">
                                    [x]</a>
                            </div>
                            <pre>2022-03-28 23:09:10.651443 : 
                             
                             
2022-03-28 23:09:10.651443 : ====== WebDriver manager ======
                             
2022-03-28 23:09:10.677436 : Current google-chrome version is 99.0.4844
                             
2022-03-28 23:09:10.677436 : Get LATEST chromedriver version for 99.0.4844 google-chrome
                             
2022-03-28 23:09:11.033375 : Driver [C:\Users\KDK\.wdm\drivers\chromedriver\win32\99.0.4844.51\chromedriver.exe] found in cache
                             
2022-03-28 23:09:29.220906 : <selenium.webdriver.remote.webelement.WebElement (session="71511162b0d6316e0ba5be600cc9c3da", element="4ae02491-26c9-4b4c-a76d-a724edd729a8")>
</pre>
                            <pre style="color: red;">Traceback (most recent call last):
  File "C:\Users\KDK\Desktop\ET_Automation_Local_Deploy_PyCharm\SRL_C.py", line 215, in test_SRL_filtr_strava
    acceptConsent(driver)
  File "C:\Users\KDK\Desktop\ET_Automation_Local_Deploy_PyCharm\to_import.py", line 53, in acceptConsent
    element.click()
  File "C:\Users\KDK\anaconda3\lib\site-packages\selenium\webdriver\remote\webelement.py", line 80, in click
    self._execute(Command.CLICK_ELEMENT)
  File "C:\Users\KDK\anaconda3\lib\site-packages\selenium\webdriver\remote\webelement.py", line 633, in _execute
    return self._parent.execute(command, params)
  File "C:\Users\KDK\anaconda3\lib\site-packages\selenium\webdriver\remote\webdriver.py", line 321, in execute
    self.error_handler.check_response(response)
  File "C:\Users\KDK\anaconda3\lib\site-packages\selenium\webdriver\remote\errorhandler.py", line 242, in check_response
    raise exception_class(message, screen, stacktrace)
selenium.common.exceptions.StaleElementReferenceException: Message: stale element reference: element is not attached to the page document
  (Session info: chrome=99.0.4844.82)

</pre>
                        </div>
                        <!--css div popup end-->
                    </div>
                </td>
            </tr>
            
            <tr id="ft7.5" class='none'>
                <td class='errorCase'>
                    <div class='testcase'>
                        <a class="popup_link" onfocus='this.blur();'
                           href="javascript:showTestDetail('div_ft7.5')">test_srl_C</a>
                    </div>
                </td>
                <td colspan='5' align='center'>
                    <div>
                        <!--css div popup start-->
                        <button>
                            <a class="popup_link" onfocus='this.blur();'
                               href="javascript:showTestDetail('div_ft7.5')" style="color:#660066;">
                                ERROR
                            </a></button>
                        <div id='div_ft7.5' class="popup_window">
                            <div style='text-align: right; color:red;cursor:pointer'>
                                <a onfocus='this.blur();'
                                   onclick="document.getElementById('div_ft7.5').style.display = 'none'; "
                                   style="color:red;">
                                    [x]</a>
                            </div>
                            <pre>2022-03-28 23:09:31.403260 : 
                             
                             
2022-03-28 23:09:31.403260 : ====== WebDriver manager ======
                             
2022-03-28 23:09:31.442262 : Current google-chrome version is 99.0.4844
                             
2022-03-28 23:09:31.442262 : Get LATEST chromedriver version for 99.0.4844 google-chrome
                             
2022-03-28 23:09:31.650240 : Driver [C:\Users\KDK\.wdm\drivers\chromedriver\win32\99.0.4844.51\chromedriver.exe] found in cache
                             
2022-03-28 23:09:43.203736 : <selenium.webdriver.remote.webelement.WebElement (session="c17b1b6a4535d23170736ea20d15b7c7", element="1e50e4b5-6548-4633-827c-40462a6e2827")>
2022-03-28 23:10:12.229024 : nenasle se exponea banner
</pre>
                            <pre style="color: red;">Traceback (most recent call last):
  File "C:\Users\KDK\Desktop\ET_Automation_Local_Deploy_PyCharm\SRL_C.py", line 244, in test_srl_C
    self.driver.find_element_by_xpath(chatCrossXpath).click()
  File "C:\Users\KDK\anaconda3\lib\site-packages\selenium\webdriver\remote\webelement.py", line 80, in click
    self._execute(Command.CLICK_ELEMENT)
  File "C:\Users\KDK\anaconda3\lib\site-packages\selenium\webdriver\remote\webelement.py", line 633, in _execute
    return self._parent.execute(command, params)
  File "C:\Users\KDK\anaconda3\lib\site-packages\selenium\webdriver\remote\webdriver.py", line 321, in execute
    self.error_handler.check_response(response)
  File "C:\Users\KDK\anaconda3\lib\site-packages\selenium\webdriver\remote\errorhandler.py", line 242, in check_response
    raise exception_class(message, screen, stacktrace)
selenium.common.exceptions.ElementNotInteractableException: Message: element not interactable
  (Session info: chrome=99.0.4844.82)

</pre>
                        </div>
                        <!--css div popup end-->
                    </div>
                </td>
            </tr>
            
        

        <tr id='total_row'>
            <td>Total</td>
            <td>15</td>
            <td>6</td>
            <td>0</td>
            <td>9</td>
            <td>&nbsp;</td>
        </tr>
    </table>
</div>
<br><br>
<div id='ending'><b>Time Elapsed: </b>0:10:20.439443</div>
</body>
</html>